#-----------------------------------------------------------
# Vivado v2018.3 (64-bit)
# SW Build 2405991 on Thu Dec  6 23:38:27 MST 2018
# IP Build 2404404 on Fri Dec  7 01:43:56 MST 2018
# Start of session at: Sat Nov 23 09:29:26 2019
# Process ID: 6468
# Current directory: C:/Users/70919/Desktop/beta8vivado
# Command line: vivado.exe -gui_launcher_event rodinguilauncherevent9348 C:\Users\70919\Desktop\beta8vivado\beta8vivado.xpr
# Log file: C:/Users/70919/Desktop/beta8vivado/vivado.log
# Journal file: C:/Users/70919/Desktop/beta8vivado\vivado.jou
#-----------------------------------------------------------
start_gui
open_project C:/Users/70919/Desktop/beta8vivado/beta8vivado.xpr
Scanning sources...
Finished scanning sources
INFO: [IP_Flow 19-234] Refreshing IP repositories
INFO: [IP_Flow 19-1704] No user IP repositories specified
INFO: [IP_Flow 19-2313] Loaded Vivado IP repository 'D:/Xilinx/Vivado/2018.3/data/ip'.
open_project: Time (s): cpu = 00:00:23 ; elapsed = 00:00:15 . Memory (MB): peak = 759.906 ; gain = 159.098
update_compile_order -fileset sources_1
open_hw
connect_hw_server
INFO: [Labtools 27-2285] Connecting to hw_server url TCP:localhost:3121
INFO: [Labtools 27-2222] Launching hw_server...
INFO: [Labtools 27-2221] Launch Output:

****** Xilinx hw_server v2018.3
  **** Build date : Dec  7 2018-00:40:27
    ** Copyright 1986-2018 Xilinx, Inc. All Rights Reserved.


open_hw_target
INFO: [Labtoolstcl 44-466] Opening hw_target localhost:3121/xilinx_tcf/Xilinx/1234-tulA
set_property PROGRAM.FILE {C:/Users/70919/Desktop/beta8vivado/beta8vivado.runs/impl_1/vivadotop.bit} [get_hw_devices xc7a35t_0]
current_hw_device [get_hw_devices xc7a35t_0]
refresh_hw_device -update_hw_probes false [lindex [get_hw_devices xc7a35t_0] 0]
INFO: [Labtools 27-2302] Device xc7a35t (JTAG device index = 0) is programmed with a design that has 1 ILA core(s).
set_property PROBES.FILE {} [get_hw_devices xc7a35t_0]
set_property FULL_PROBES.FILE {} [get_hw_devices xc7a35t_0]
set_property PROGRAM.FILE {C:/Users/70919/Desktop/beta8vivado/beta8vivado.runs/impl_1/vivadotop.bit} [get_hw_devices xc7a35t_0]
program_hw_devices [get_hw_devices xc7a35t_0]
INFO: [Labtools 27-3164] End of startup status: HIGH
refresh_hw_device [lindex [get_hw_devices xc7a35t_0] 0]
INFO: [Labtools 27-1434] Device xc7a35t (JTAG device index = 0) is programmed with a design that has no supported debug core(s) in it.
set_property -dict [list CONFIG.CLKOUT3_USED {false} CONFIG.MMCM_DIVCLK_DIVIDE {1} CONFIG.MMCM_CLKOUT2_DIVIDE {1} CONFIG.NUM_OUT_CLKS {2}] [get_ips clk_wiz_0]
generate_target all [get_files  C:/Users/70919/Desktop/beta8vivado/beta8vivado.srcs/sources_1/ip/clk_wiz_0/clk_wiz_0.xci]
INFO: [IP_Flow 19-1686] Generating 'Instantiation Template' target for IP 'clk_wiz_0'...
INFO: [IP_Flow 19-1686] Generating 'Synthesis' target for IP 'clk_wiz_0'...
INFO: [IP_Flow 19-1686] Generating 'Simulation' target for IP 'clk_wiz_0'...
INFO: [IP_Flow 19-1686] Generating 'Implementation' target for IP 'clk_wiz_0'...
INFO: [IP_Flow 19-1686] Generating 'Change Log' target for IP 'clk_wiz_0'...
catch { config_ip_cache -export [get_ips -all clk_wiz_0] }
export_ip_user_files -of_objects [get_files C:/Users/70919/Desktop/beta8vivado/beta8vivado.srcs/sources_1/ip/clk_wiz_0/clk_wiz_0.xci] -no_script -sync -force -quiet
reset_run clk_wiz_0_synth_1
launch_runs -jobs 4 clk_wiz_0_synth_1
[Sat Nov 23 09:34:29 2019] Launched clk_wiz_0_synth_1...
Run output will be captured here: C:/Users/70919/Desktop/beta8vivado/beta8vivado.runs/clk_wiz_0_synth_1/runme.log
export_simulation -of_objects [get_files C:/Users/70919/Desktop/beta8vivado/beta8vivado.srcs/sources_1/ip/clk_wiz_0/clk_wiz_0.xci] -directory C:/Users/70919/Desktop/beta8vivado/beta8vivado.ip_user_files/sim_scripts -ip_user_files_dir C:/Users/70919/Desktop/beta8vivado/beta8vivado.ip_user_files -ipstatic_source_dir C:/Users/70919/Desktop/beta8vivado/beta8vivado.ip_user_files/ipstatic -lib_map_path [list {modelsim=C:/Users/70919/Desktop/beta8vivado/beta8vivado.cache/compile_simlib/modelsim} {questa=C:/Users/70919/Desktop/beta8vivado/beta8vivado.cache/compile_simlib/questa} {riviera=C:/Users/70919/Desktop/beta8vivado/beta8vivado.cache/compile_simlib/riviera} {activehdl=C:/Users/70919/Desktop/beta8vivado/beta8vivado.cache/compile_simlib/activehdl}] -use_ip_compiled_libs -force -quiet
reset_run synth_1
launch_runs impl_1 -jobs 4
INFO: [Vivado 12-4149] The synthesis checkpoint for IP 'C:/Users/70919/Desktop/beta8vivado/beta8vivado.srcs/sources_1/ip/c_shift_ram_3/c_shift_ram_3.xci' is already up-to-date
INFO: [Vivado 12-4149] The synthesis checkpoint for IP 'C:/Users/70919/Desktop/beta8vivado/beta8vivado.srcs/sources_1/ip/c_shift_ram_2/c_shift_ram_2.xci' is already up-to-date
INFO: [Vivado 12-4149] The synthesis checkpoint for IP 'C:/Users/70919/Desktop/beta8vivado/beta8vivado.srcs/sources_1/ip/c_shift_ram_1/c_shift_ram_1.xci' is already up-to-date
INFO: [Vivado 12-4149] The synthesis checkpoint for IP 'C:/Users/70919/Desktop/beta8vivado/beta8vivado.srcs/sources_1/ip/c_shift_ram_0/c_shift_ram_0.xci' is already up-to-date
[Sat Nov 23 09:36:33 2019] Launched synth_1...
Run output will be captured here: C:/Users/70919/Desktop/beta8vivado/beta8vivado.runs/synth_1/runme.log
[Sat Nov 23 09:36:33 2019] Launched impl_1...
Run output will be captured here: C:/Users/70919/Desktop/beta8vivado/beta8vivado.runs/impl_1/runme.log
launch_runs impl_1 -to_step write_bitstream -jobs 4
INFO: [Vivado 12-4149] The synthesis checkpoint for IP 'C:/Users/70919/Desktop/beta8vivado/beta8vivado.srcs/sources_1/ip/c_shift_ram_3/c_shift_ram_3.xci' is already up-to-date
INFO: [Vivado 12-4149] The synthesis checkpoint for IP 'C:/Users/70919/Desktop/beta8vivado/beta8vivado.srcs/sources_1/ip/c_shift_ram_2/c_shift_ram_2.xci' is already up-to-date
INFO: [Vivado 12-4149] The synthesis checkpoint for IP 'C:/Users/70919/Desktop/beta8vivado/beta8vivado.srcs/sources_1/ip/c_shift_ram_1/c_shift_ram_1.xci' is already up-to-date
INFO: [Vivado 12-4149] The synthesis checkpoint for IP 'C:/Users/70919/Desktop/beta8vivado/beta8vivado.srcs/sources_1/ip/c_shift_ram_0/c_shift_ram_0.xci' is already up-to-date
[Sat Nov 23 09:39:48 2019] Launched impl_1...
Run output will be captured here: C:/Users/70919/Desktop/beta8vivado/beta8vivado.runs/impl_1/runme.log
set_property PROBES.FILE {} [get_hw_devices xc7a35t_0]
set_property FULL_PROBES.FILE {} [get_hw_devices xc7a35t_0]
set_property PROGRAM.FILE {C:/Users/70919/Desktop/beta8vivado/beta8vivado.runs/impl_1/vivadotop.bit} [get_hw_devices xc7a35t_0]
program_hw_devices [get_hw_devices xc7a35t_0]
INFO: [Labtools 27-3164] End of startup status: HIGH
refresh_hw_device [lindex [get_hw_devices xc7a35t_0] 0]
INFO: [Labtools 27-1434] Device xc7a35t (JTAG device index = 0) is programmed with a design that has no supported debug core(s) in it.
set_property PROBES.FILE {} [get_hw_devices xc7a35t_0]
set_property FULL_PROBES.FILE {} [get_hw_devices xc7a35t_0]
set_property PROGRAM.FILE {C:/Users/70919/Desktop/beta8vivado/beta8vivado.runs/impl_1/vivadotop.bit} [get_hw_devices xc7a35t_0]
program_hw_devices [get_hw_devices xc7a35t_0]
INFO: [Labtools 27-3164] End of startup status: HIGH
refresh_hw_device [lindex [get_hw_devices xc7a35t_0] 0]
INFO: [Labtools 27-1434] Device xc7a35t (JTAG device index = 0) is programmed with a design that has no supported debug core(s) in it.
reset_run impl_1
launch_runs impl_1 -jobs 4
INFO: [Vivado 12-4149] The synthesis checkpoint for IP 'C:/Users/70919/Desktop/beta8vivado/beta8vivado.srcs/sources_1/ip/c_shift_ram_3/c_shift_ram_3.xci' is already up-to-date
INFO: [Vivado 12-4149] The synthesis checkpoint for IP 'C:/Users/70919/Desktop/beta8vivado/beta8vivado.srcs/sources_1/ip/c_shift_ram_2/c_shift_ram_2.xci' is already up-to-date
INFO: [Vivado 12-4149] The synthesis checkpoint for IP 'C:/Users/70919/Desktop/beta8vivado/beta8vivado.srcs/sources_1/ip/c_shift_ram_1/c_shift_ram_1.xci' is already up-to-date
INFO: [Vivado 12-4149] The synthesis checkpoint for IP 'C:/Users/70919/Desktop/beta8vivado/beta8vivado.srcs/sources_1/ip/c_shift_ram_0/c_shift_ram_0.xci' is already up-to-date
[Sat Nov 23 09:48:39 2019] Launched impl_1...
Run output will be captured here: C:/Users/70919/Desktop/beta8vivado/beta8vivado.runs/impl_1/runme.log
update_compile_order -fileset sources_1
reset_run synth_1
launch_runs impl_1 -to_step write_bitstream -jobs 4
INFO: [Vivado 12-4149] The synthesis checkpoint for IP 'C:/Users/70919/Desktop/beta8vivado/beta8vivado.srcs/sources_1/ip/c_shift_ram_3/c_shift_ram_3.xci' is already up-to-date
INFO: [Vivado 12-4149] The synthesis checkpoint for IP 'C:/Users/70919/Desktop/beta8vivado/beta8vivado.srcs/sources_1/ip/c_shift_ram_2/c_shift_ram_2.xci' is already up-to-date
INFO: [Vivado 12-4149] The synthesis checkpoint for IP 'C:/Users/70919/Desktop/beta8vivado/beta8vivado.srcs/sources_1/ip/c_shift_ram_1/c_shift_ram_1.xci' is already up-to-date
INFO: [Vivado 12-4149] The synthesis checkpoint for IP 'C:/Users/70919/Desktop/beta8vivado/beta8vivado.srcs/sources_1/ip/c_shift_ram_0/c_shift_ram_0.xci' is already up-to-date
[Sat Nov 23 09:51:21 2019] Launched synth_1...
Run output will be captured here: C:/Users/70919/Desktop/beta8vivado/beta8vivado.runs/synth_1/runme.log
[Sat Nov 23 09:51:21 2019] Launched impl_1...
Run output will be captured here: C:/Users/70919/Desktop/beta8vivado/beta8vivado.runs/impl_1/runme.log
set_property PROBES.FILE {} [get_hw_devices xc7a35t_0]
set_property FULL_PROBES.FILE {} [get_hw_devices xc7a35t_0]
set_property PROGRAM.FILE {C:/Users/70919/Desktop/beta8vivado/beta8vivado.runs/impl_1/vivadotop.bit} [get_hw_devices xc7a35t_0]
program_hw_devices [get_hw_devices xc7a35t_0]
INFO: [Labtools 27-3164] End of startup status: HIGH
refresh_hw_device [lindex [get_hw_devices xc7a35t_0] 0]
INFO: [Labtools 27-1434] Device xc7a35t (JTAG device index = 0) is programmed with a design that has no supported debug core(s) in it.
reset_run impl_1
launch_runs impl_1 -jobs 4
INFO: [Vivado 12-4149] The synthesis checkpoint for IP 'C:/Users/70919/Desktop/beta8vivado/beta8vivado.srcs/sources_1/ip/c_shift_ram_3/c_shift_ram_3.xci' is already up-to-date
INFO: [Vivado 12-4149] The synthesis checkpoint for IP 'C:/Users/70919/Desktop/beta8vivado/beta8vivado.srcs/sources_1/ip/c_shift_ram_2/c_shift_ram_2.xci' is already up-to-date
INFO: [Vivado 12-4149] The synthesis checkpoint for IP 'C:/Users/70919/Desktop/beta8vivado/beta8vivado.srcs/sources_1/ip/c_shift_ram_1/c_shift_ram_1.xci' is already up-to-date
INFO: [Vivado 12-4149] The synthesis checkpoint for IP 'C:/Users/70919/Desktop/beta8vivado/beta8vivado.srcs/sources_1/ip/c_shift_ram_0/c_shift_ram_0.xci' is already up-to-date
[Sat Nov 23 10:05:42 2019] Launched impl_1...
Run output will be captured here: C:/Users/70919/Desktop/beta8vivado/beta8vivado.runs/impl_1/runme.log
reset_run synth_1
launch_runs impl_1 -to_step write_bitstream -jobs 4
INFO: [Vivado 12-4149] The synthesis checkpoint for IP 'C:/Users/70919/Desktop/beta8vivado/beta8vivado.srcs/sources_1/ip/c_shift_ram_3/c_shift_ram_3.xci' is already up-to-date
INFO: [Vivado 12-4149] The synthesis checkpoint for IP 'C:/Users/70919/Desktop/beta8vivado/beta8vivado.srcs/sources_1/ip/c_shift_ram_2/c_shift_ram_2.xci' is already up-to-date
INFO: [Vivado 12-4149] The synthesis checkpoint for IP 'C:/Users/70919/Desktop/beta8vivado/beta8vivado.srcs/sources_1/ip/c_shift_ram_1/c_shift_ram_1.xci' is already up-to-date
INFO: [Vivado 12-4149] The synthesis checkpoint for IP 'C:/Users/70919/Desktop/beta8vivado/beta8vivado.srcs/sources_1/ip/c_shift_ram_0/c_shift_ram_0.xci' is already up-to-date
[Sat Nov 23 10:07:38 2019] Launched synth_1...
Run output will be captured here: C:/Users/70919/Desktop/beta8vivado/beta8vivado.runs/synth_1/runme.log
[Sat Nov 23 10:07:38 2019] Launched impl_1...
Run output will be captured here: C:/Users/70919/Desktop/beta8vivado/beta8vivado.runs/impl_1/runme.log
set_property PROBES.FILE {} [get_hw_devices xc7a35t_0]
set_property FULL_PROBES.FILE {} [get_hw_devices xc7a35t_0]
set_property PROGRAM.FILE {C:/Users/70919/Desktop/beta8vivado/beta8vivado.runs/impl_1/vivadotop.bit} [get_hw_devices xc7a35t_0]
program_hw_devices [get_hw_devices xc7a35t_0]
INFO: [Labtools 27-3164] End of startup status: HIGH
refresh_hw_device [lindex [get_hw_devices xc7a35t_0] 0]
INFO: [Labtools 27-1434] Device xc7a35t (JTAG device index = 0) is programmed with a design that has no supported debug core(s) in it.
reset_run impl_1
launch_runs impl_1 -jobs 4
INFO: [Vivado 12-4149] The synthesis checkpoint for IP 'C:/Users/70919/Desktop/beta8vivado/beta8vivado.srcs/sources_1/ip/c_shift_ram_3/c_shift_ram_3.xci' is already up-to-date
INFO: [Vivado 12-4149] The synthesis checkpoint for IP 'C:/Users/70919/Desktop/beta8vivado/beta8vivado.srcs/sources_1/ip/c_shift_ram_2/c_shift_ram_2.xci' is already up-to-date
INFO: [Vivado 12-4149] The synthesis checkpoint for IP 'C:/Users/70919/Desktop/beta8vivado/beta8vivado.srcs/sources_1/ip/c_shift_ram_1/c_shift_ram_1.xci' is already up-to-date
INFO: [Vivado 12-4149] The synthesis checkpoint for IP 'C:/Users/70919/Desktop/beta8vivado/beta8vivado.srcs/sources_1/ip/c_shift_ram_0/c_shift_ram_0.xci' is already up-to-date
[Sat Nov 23 10:13:20 2019] Launched impl_1...
Run output will be captured here: C:/Users/70919/Desktop/beta8vivado/beta8vivado.runs/impl_1/runme.log
reset_run synth_1
launch_runs impl_1 -to_step write_bitstream -jobs 4
INFO: [Vivado 12-4149] The synthesis checkpoint for IP 'C:/Users/70919/Desktop/beta8vivado/beta8vivado.srcs/sources_1/ip/c_shift_ram_3/c_shift_ram_3.xci' is already up-to-date
INFO: [Vivado 12-4149] The synthesis checkpoint for IP 'C:/Users/70919/Desktop/beta8vivado/beta8vivado.srcs/sources_1/ip/c_shift_ram_2/c_shift_ram_2.xci' is already up-to-date
INFO: [Vivado 12-4149] The synthesis checkpoint for IP 'C:/Users/70919/Desktop/beta8vivado/beta8vivado.srcs/sources_1/ip/c_shift_ram_1/c_shift_ram_1.xci' is already up-to-date
INFO: [Vivado 12-4149] The synthesis checkpoint for IP 'C:/Users/70919/Desktop/beta8vivado/beta8vivado.srcs/sources_1/ip/c_shift_ram_0/c_shift_ram_0.xci' is already up-to-date
[Sat Nov 23 10:15:17 2019] Launched synth_1...
Run output will be captured here: C:/Users/70919/Desktop/beta8vivado/beta8vivado.runs/synth_1/runme.log
[Sat Nov 23 10:15:17 2019] Launched impl_1...
Run output will be captured here: C:/Users/70919/Desktop/beta8vivado/beta8vivado.runs/impl_1/runme.log
set_property PROBES.FILE {} [get_hw_devices xc7a35t_0]
set_property FULL_PROBES.FILE {} [get_hw_devices xc7a35t_0]
set_property PROGRAM.FILE {C:/Users/70919/Desktop/beta8vivado/beta8vivado.runs/impl_1/vivadotop.bit} [get_hw_devices xc7a35t_0]
program_hw_devices [get_hw_devices xc7a35t_0]
INFO: [Labtools 27-3164] End of startup status: HIGH
refresh_hw_device [lindex [get_hw_devices xc7a35t_0] 0]
INFO: [Labtools 27-1434] Device xc7a35t (JTAG device index = 0) is programmed with a design that has no supported debug core(s) in it.
reset_run impl_1
launch_runs impl_1 -jobs 4
INFO: [Vivado 12-4149] The synthesis checkpoint for IP 'C:/Users/70919/Desktop/beta8vivado/beta8vivado.srcs/sources_1/ip/c_shift_ram_3/c_shift_ram_3.xci' is already up-to-date
INFO: [Vivado 12-4149] The synthesis checkpoint for IP 'C:/Users/70919/Desktop/beta8vivado/beta8vivado.srcs/sources_1/ip/c_shift_ram_2/c_shift_ram_2.xci' is already up-to-date
INFO: [Vivado 12-4149] The synthesis checkpoint for IP 'C:/Users/70919/Desktop/beta8vivado/beta8vivado.srcs/sources_1/ip/c_shift_ram_1/c_shift_ram_1.xci' is already up-to-date
INFO: [Vivado 12-4149] The synthesis checkpoint for IP 'C:/Users/70919/Desktop/beta8vivado/beta8vivado.srcs/sources_1/ip/c_shift_ram_0/c_shift_ram_0.xci' is already up-to-date
[Sat Nov 23 10:21:56 2019] Launched impl_1...
Run output will be captured here: C:/Users/70919/Desktop/beta8vivado/beta8vivado.runs/impl_1/runme.log
reset_run synth_1
launch_runs impl_1 -to_step write_bitstream -jobs 4
INFO: [Vivado 12-4149] The synthesis checkpoint for IP 'C:/Users/70919/Desktop/beta8vivado/beta8vivado.srcs/sources_1/ip/c_shift_ram_3/c_shift_ram_3.xci' is already up-to-date
INFO: [Vivado 12-4149] The synthesis checkpoint for IP 'C:/Users/70919/Desktop/beta8vivado/beta8vivado.srcs/sources_1/ip/c_shift_ram_2/c_shift_ram_2.xci' is already up-to-date
INFO: [Vivado 12-4149] The synthesis checkpoint for IP 'C:/Users/70919/Desktop/beta8vivado/beta8vivado.srcs/sources_1/ip/c_shift_ram_1/c_shift_ram_1.xci' is already up-to-date
INFO: [Vivado 12-4149] The synthesis checkpoint for IP 'C:/Users/70919/Desktop/beta8vivado/beta8vivado.srcs/sources_1/ip/c_shift_ram_0/c_shift_ram_0.xci' is already up-to-date
[Sat Nov 23 10:23:47 2019] Launched synth_1...
Run output will be captured here: C:/Users/70919/Desktop/beta8vivado/beta8vivado.runs/synth_1/runme.log
[Sat Nov 23 10:23:47 2019] Launched impl_1...
Run output will be captured here: C:/Users/70919/Desktop/beta8vivado/beta8vivado.runs/impl_1/runme.log
set_property PROBES.FILE {} [get_hw_devices xc7a35t_0]
set_property FULL_PROBES.FILE {} [get_hw_devices xc7a35t_0]
set_property PROGRAM.FILE {C:/Users/70919/Desktop/beta8vivado/beta8vivado.runs/impl_1/vivadotop.bit} [get_hw_devices xc7a35t_0]
program_hw_devices [get_hw_devices xc7a35t_0]
INFO: [Labtools 27-3164] End of startup status: HIGH
refresh_hw_device [lindex [get_hw_devices xc7a35t_0] 0]
INFO: [Labtools 27-1434] Device xc7a35t (JTAG device index = 0) is programmed with a design that has no supported debug core(s) in it.
reset_run impl_1
launch_runs impl_1 -jobs 4
INFO: [Vivado 12-4149] The synthesis checkpoint for IP 'C:/Users/70919/Desktop/beta8vivado/beta8vivado.srcs/sources_1/ip/c_shift_ram_3/c_shift_ram_3.xci' is already up-to-date
INFO: [Vivado 12-4149] The synthesis checkpoint for IP 'C:/Users/70919/Desktop/beta8vivado/beta8vivado.srcs/sources_1/ip/c_shift_ram_2/c_shift_ram_2.xci' is already up-to-date
INFO: [Vivado 12-4149] The synthesis checkpoint for IP 'C:/Users/70919/Desktop/beta8vivado/beta8vivado.srcs/sources_1/ip/c_shift_ram_1/c_shift_ram_1.xci' is already up-to-date
INFO: [Vivado 12-4149] The synthesis checkpoint for IP 'C:/Users/70919/Desktop/beta8vivado/beta8vivado.srcs/sources_1/ip/c_shift_ram_0/c_shift_ram_0.xci' is already up-to-date
[Sat Nov 23 10:28:34 2019] Launched impl_1...
Run output will be captured here: C:/Users/70919/Desktop/beta8vivado/beta8vivado.runs/impl_1/runme.log
reset_run synth_1
launch_runs impl_1 -to_step write_bitstream -jobs 4
INFO: [Vivado 12-4149] The synthesis checkpoint for IP 'C:/Users/70919/Desktop/beta8vivado/beta8vivado.srcs/sources_1/ip/c_shift_ram_3/c_shift_ram_3.xci' is already up-to-date
INFO: [Vivado 12-4149] The synthesis checkpoint for IP 'C:/Users/70919/Desktop/beta8vivado/beta8vivado.srcs/sources_1/ip/c_shift_ram_2/c_shift_ram_2.xci' is already up-to-date
INFO: [Vivado 12-4149] The synthesis checkpoint for IP 'C:/Users/70919/Desktop/beta8vivado/beta8vivado.srcs/sources_1/ip/c_shift_ram_1/c_shift_ram_1.xci' is already up-to-date
INFO: [Vivado 12-4149] The synthesis checkpoint for IP 'C:/Users/70919/Desktop/beta8vivado/beta8vivado.srcs/sources_1/ip/c_shift_ram_0/c_shift_ram_0.xci' is already up-to-date
[Sat Nov 23 10:30:28 2019] Launched synth_1...
Run output will be captured here: C:/Users/70919/Desktop/beta8vivado/beta8vivado.runs/synth_1/runme.log
[Sat Nov 23 10:30:28 2019] Launched impl_1...
Run output will be captured here: C:/Users/70919/Desktop/beta8vivado/beta8vivado.runs/impl_1/runme.log
set_property PROBES.FILE {} [get_hw_devices xc7a35t_0]
set_property FULL_PROBES.FILE {} [get_hw_devices xc7a35t_0]
set_property PROGRAM.FILE {C:/Users/70919/Desktop/beta8vivado/beta8vivado.runs/impl_1/vivadotop.bit} [get_hw_devices xc7a35t_0]
program_hw_devices [get_hw_devices xc7a35t_0]
INFO: [Labtools 27-3164] End of startup status: HIGH
refresh_hw_device [lindex [get_hw_devices xc7a35t_0] 0]
INFO: [Labtools 27-1434] Device xc7a35t (JTAG device index = 0) is programmed with a design that has no supported debug core(s) in it.
reset_run impl_1
launch_runs impl_1 -jobs 4
INFO: [Vivado 12-4149] The synthesis checkpoint for IP 'C:/Users/70919/Desktop/beta8vivado/beta8vivado.srcs/sources_1/ip/c_shift_ram_3/c_shift_ram_3.xci' is already up-to-date
INFO: [Vivado 12-4149] The synthesis checkpoint for IP 'C:/Users/70919/Desktop/beta8vivado/beta8vivado.srcs/sources_1/ip/c_shift_ram_2/c_shift_ram_2.xci' is already up-to-date
INFO: [Vivado 12-4149] The synthesis checkpoint for IP 'C:/Users/70919/Desktop/beta8vivado/beta8vivado.srcs/sources_1/ip/c_shift_ram_1/c_shift_ram_1.xci' is already up-to-date
INFO: [Vivado 12-4149] The synthesis checkpoint for IP 'C:/Users/70919/Desktop/beta8vivado/beta8vivado.srcs/sources_1/ip/c_shift_ram_0/c_shift_ram_0.xci' is already up-to-date
[Sat Nov 23 10:40:43 2019] Launched impl_1...
Run output will be captured here: C:/Users/70919/Desktop/beta8vivado/beta8vivado.runs/impl_1/runme.log
reset_run synth_1
launch_runs impl_1 -to_step write_bitstream -jobs 4
INFO: [Vivado 12-4149] The synthesis checkpoint for IP 'C:/Users/70919/Desktop/beta8vivado/beta8vivado.srcs/sources_1/ip/c_shift_ram_3/c_shift_ram_3.xci' is already up-to-date
INFO: [Vivado 12-4149] The synthesis checkpoint for IP 'C:/Users/70919/Desktop/beta8vivado/beta8vivado.srcs/sources_1/ip/c_shift_ram_2/c_shift_ram_2.xci' is already up-to-date
INFO: [Vivado 12-4149] The synthesis checkpoint for IP 'C:/Users/70919/Desktop/beta8vivado/beta8vivado.srcs/sources_1/ip/c_shift_ram_1/c_shift_ram_1.xci' is already up-to-date
INFO: [Vivado 12-4149] The synthesis checkpoint for IP 'C:/Users/70919/Desktop/beta8vivado/beta8vivado.srcs/sources_1/ip/c_shift_ram_0/c_shift_ram_0.xci' is already up-to-date
[Sat Nov 23 10:42:35 2019] Launched synth_1...
Run output will be captured here: C:/Users/70919/Desktop/beta8vivado/beta8vivado.runs/synth_1/runme.log
[Sat Nov 23 10:42:35 2019] Launched impl_1...
Run output will be captured here: C:/Users/70919/Desktop/beta8vivado/beta8vivado.runs/impl_1/runme.log
set_property PROBES.FILE {} [get_hw_devices xc7a35t_0]
set_property FULL_PROBES.FILE {} [get_hw_devices xc7a35t_0]
set_property PROGRAM.FILE {C:/Users/70919/Desktop/beta8vivado/beta8vivado.runs/impl_1/vivadotop.bit} [get_hw_devices xc7a35t_0]
program_hw_devices [get_hw_devices xc7a35t_0]
INFO: [Labtools 27-3164] End of startup status: HIGH
refresh_hw_device [lindex [get_hw_devices xc7a35t_0] 0]
INFO: [Labtools 27-1434] Device xc7a35t (JTAG device index = 0) is programmed with a design that has no supported debug core(s) in it.
reset_run impl_1
launch_runs impl_1 -jobs 4
INFO: [Vivado 12-4149] The synthesis checkpoint for IP 'C:/Users/70919/Desktop/beta8vivado/beta8vivado.srcs/sources_1/ip/c_shift_ram_3/c_shift_ram_3.xci' is already up-to-date
INFO: [Vivado 12-4149] The synthesis checkpoint for IP 'C:/Users/70919/Desktop/beta8vivado/beta8vivado.srcs/sources_1/ip/c_shift_ram_2/c_shift_ram_2.xci' is already up-to-date
INFO: [Vivado 12-4149] The synthesis checkpoint for IP 'C:/Users/70919/Desktop/beta8vivado/beta8vivado.srcs/sources_1/ip/c_shift_ram_1/c_shift_ram_1.xci' is already up-to-date
INFO: [Vivado 12-4149] The synthesis checkpoint for IP 'C:/Users/70919/Desktop/beta8vivado/beta8vivado.srcs/sources_1/ip/c_shift_ram_0/c_shift_ram_0.xci' is already up-to-date
[Sat Nov 23 10:52:17 2019] Launched impl_1...
Run output will be captured here: C:/Users/70919/Desktop/beta8vivado/beta8vivado.runs/impl_1/runme.log
reset_run synth_1
launch_runs impl_1 -to_step write_bitstream -jobs 4
INFO: [Vivado 12-4149] The synthesis checkpoint for IP 'C:/Users/70919/Desktop/beta8vivado/beta8vivado.srcs/sources_1/ip/c_shift_ram_3/c_shift_ram_3.xci' is already up-to-date
INFO: [Vivado 12-4149] The synthesis checkpoint for IP 'C:/Users/70919/Desktop/beta8vivado/beta8vivado.srcs/sources_1/ip/c_shift_ram_2/c_shift_ram_2.xci' is already up-to-date
INFO: [Vivado 12-4149] The synthesis checkpoint for IP 'C:/Users/70919/Desktop/beta8vivado/beta8vivado.srcs/sources_1/ip/c_shift_ram_1/c_shift_ram_1.xci' is already up-to-date
INFO: [Vivado 12-4149] The synthesis checkpoint for IP 'C:/Users/70919/Desktop/beta8vivado/beta8vivado.srcs/sources_1/ip/c_shift_ram_0/c_shift_ram_0.xci' is already up-to-date
[Sat Nov 23 10:54:06 2019] Launched synth_1...
Run output will be captured here: C:/Users/70919/Desktop/beta8vivado/beta8vivado.runs/synth_1/runme.log
[Sat Nov 23 10:54:06 2019] Launched impl_1...
Run output will be captured here: C:/Users/70919/Desktop/beta8vivado/beta8vivado.runs/impl_1/runme.log
set_property PROBES.FILE {} [get_hw_devices xc7a35t_0]
set_property FULL_PROBES.FILE {} [get_hw_devices xc7a35t_0]
set_property PROGRAM.FILE {C:/Users/70919/Desktop/beta8vivado/beta8vivado.runs/impl_1/vivadotop.bit} [get_hw_devices xc7a35t_0]
program_hw_devices [get_hw_devices xc7a35t_0]
INFO: [Labtools 27-3164] End of startup status: HIGH
refresh_hw_device [lindex [get_hw_devices xc7a35t_0] 0]
INFO: [Labtools 27-1434] Device xc7a35t (JTAG device index = 0) is programmed with a design that has no supported debug core(s) in it.
reset_run impl_1
launch_runs impl_1 -jobs 4
INFO: [Vivado 12-4149] The synthesis checkpoint for IP 'C:/Users/70919/Desktop/beta8vivado/beta8vivado.srcs/sources_1/ip/c_shift_ram_3/c_shift_ram_3.xci' is already up-to-date
INFO: [Vivado 12-4149] The synthesis checkpoint for IP 'C:/Users/70919/Desktop/beta8vivado/beta8vivado.srcs/sources_1/ip/c_shift_ram_2/c_shift_ram_2.xci' is already up-to-date
INFO: [Vivado 12-4149] The synthesis checkpoint for IP 'C:/Users/70919/Desktop/beta8vivado/beta8vivado.srcs/sources_1/ip/c_shift_ram_1/c_shift_ram_1.xci' is already up-to-date
INFO: [Vivado 12-4149] The synthesis checkpoint for IP 'C:/Users/70919/Desktop/beta8vivado/beta8vivado.srcs/sources_1/ip/c_shift_ram_0/c_shift_ram_0.xci' is already up-to-date
[Sat Nov 23 10:59:44 2019] Launched impl_1...
Run output will be captured here: C:/Users/70919/Desktop/beta8vivado/beta8vivado.runs/impl_1/runme.log
reset_run synth_1
launch_runs impl_1 -to_step write_bitstream -jobs 4
INFO: [Vivado 12-4149] The synthesis checkpoint for IP 'C:/Users/70919/Desktop/beta8vivado/beta8vivado.srcs/sources_1/ip/c_shift_ram_3/c_shift_ram_3.xci' is already up-to-date
INFO: [Vivado 12-4149] The synthesis checkpoint for IP 'C:/Users/70919/Desktop/beta8vivado/beta8vivado.srcs/sources_1/ip/c_shift_ram_2/c_shift_ram_2.xci' is already up-to-date
INFO: [Vivado 12-4149] The synthesis checkpoint for IP 'C:/Users/70919/Desktop/beta8vivado/beta8vivado.srcs/sources_1/ip/c_shift_ram_1/c_shift_ram_1.xci' is already up-to-date
INFO: [Vivado 12-4149] The synthesis checkpoint for IP 'C:/Users/70919/Desktop/beta8vivado/beta8vivado.srcs/sources_1/ip/c_shift_ram_0/c_shift_ram_0.xci' is already up-to-date
[Sat Nov 23 11:01:37 2019] Launched synth_1...
Run output will be captured here: C:/Users/70919/Desktop/beta8vivado/beta8vivado.runs/synth_1/runme.log
[Sat Nov 23 11:01:37 2019] Launched impl_1...
Run output will be captured here: C:/Users/70919/Desktop/beta8vivado/beta8vivado.runs/impl_1/runme.log
set_property PROBES.FILE {} [get_hw_devices xc7a35t_0]
set_property FULL_PROBES.FILE {} [get_hw_devices xc7a35t_0]
set_property PROGRAM.FILE {C:/Users/70919/Desktop/beta8vivado/beta8vivado.runs/impl_1/vivadotop.bit} [get_hw_devices xc7a35t_0]
program_hw_devices [get_hw_devices xc7a35t_0]
INFO: [Labtools 27-3164] End of startup status: HIGH
refresh_hw_device [lindex [get_hw_devices xc7a35t_0] 0]
INFO: [Labtools 27-1434] Device xc7a35t (JTAG device index = 0) is programmed with a design that has no supported debug core(s) in it.
reset_run impl_1
launch_runs impl_1 -jobs 4
INFO: [Vivado 12-4149] The synthesis checkpoint for IP 'C:/Users/70919/Desktop/beta8vivado/beta8vivado.srcs/sources_1/ip/c_shift_ram_3/c_shift_ram_3.xci' is already up-to-date
INFO: [Vivado 12-4149] The synthesis checkpoint for IP 'C:/Users/70919/Desktop/beta8vivado/beta8vivado.srcs/sources_1/ip/c_shift_ram_2/c_shift_ram_2.xci' is already up-to-date
INFO: [Vivado 12-4149] The synthesis checkpoint for IP 'C:/Users/70919/Desktop/beta8vivado/beta8vivado.srcs/sources_1/ip/c_shift_ram_1/c_shift_ram_1.xci' is already up-to-date
INFO: [Vivado 12-4149] The synthesis checkpoint for IP 'C:/Users/70919/Desktop/beta8vivado/beta8vivado.srcs/sources_1/ip/c_shift_ram_0/c_shift_ram_0.xci' is already up-to-date
[Sat Nov 23 11:10:54 2019] Launched impl_1...
Run output will be captured here: C:/Users/70919/Desktop/beta8vivado/beta8vivado.runs/impl_1/runme.log
open_run impl_1
INFO: [Common 17-41] Interrupt caught. Command should exit soon.
INFO: [Netlist 29-17] Analyzing 132 Unisim elements for replacement
INFO: [Netlist 29-28] Unisim Transformation completed in 0 CPU seconds
INFO: [Project 1-479] Netlist was created with Vivado 2018.3
open_run: Time (s): cpu = 00:00:11 ; elapsed = 00:00:14 . Memory (MB): peak = 2090.379 ; gain = 49.266
INFO: [Common 17-344] 'open_run' was cancelled
reset_run synth_1
launch_runs impl_1 -to_step write_bitstream -jobs 4
INFO: [Vivado 12-4149] The synthesis checkpoint for IP 'C:/Users/70919/Desktop/beta8vivado/beta8vivado.srcs/sources_1/ip/c_shift_ram_3/c_shift_ram_3.xci' is already up-to-date
INFO: [Vivado 12-4149] The synthesis checkpoint for IP 'C:/Users/70919/Desktop/beta8vivado/beta8vivado.srcs/sources_1/ip/c_shift_ram_2/c_shift_ram_2.xci' is already up-to-date
INFO: [Vivado 12-4149] The synthesis checkpoint for IP 'C:/Users/70919/Desktop/beta8vivado/beta8vivado.srcs/sources_1/ip/c_shift_ram_1/c_shift_ram_1.xci' is already up-to-date
INFO: [Vivado 12-4149] The synthesis checkpoint for IP 'C:/Users/70919/Desktop/beta8vivado/beta8vivado.srcs/sources_1/ip/c_shift_ram_0/c_shift_ram_0.xci' is already up-to-date
[Sat Nov 23 11:15:41 2019] Launched synth_1...
Run output will be captured here: C:/Users/70919/Desktop/beta8vivado/beta8vivado.runs/synth_1/runme.log
[Sat Nov 23 11:15:41 2019] Launched impl_1...
Run output will be captured here: C:/Users/70919/Desktop/beta8vivado/beta8vivado.runs/impl_1/runme.log
set_property PROBES.FILE {} [get_hw_devices xc7a35t_0]
set_property FULL_PROBES.FILE {} [get_hw_devices xc7a35t_0]
set_property PROGRAM.FILE {C:/Users/70919/Desktop/beta8vivado/beta8vivado.runs/impl_1/vivadotop.bit} [get_hw_devices xc7a35t_0]
program_hw_devices [get_hw_devices xc7a35t_0]
INFO: [Labtools 27-3164] End of startup status: HIGH
refresh_hw_device [lindex [get_hw_devices xc7a35t_0] 0]
INFO: [Labtools 27-1434] Device xc7a35t (JTAG device index = 0) is programmed with a design that has no supported debug core(s) in it.
reset_run impl_1
launch_runs impl_1 -jobs 4
INFO: [Vivado 12-4149] The synthesis checkpoint for IP 'C:/Users/70919/Desktop/beta8vivado/beta8vivado.srcs/sources_1/ip/c_shift_ram_3/c_shift_ram_3.xci' is already up-to-date
INFO: [Vivado 12-4149] The synthesis checkpoint for IP 'C:/Users/70919/Desktop/beta8vivado/beta8vivado.srcs/sources_1/ip/c_shift_ram_2/c_shift_ram_2.xci' is already up-to-date
INFO: [Vivado 12-4149] The synthesis checkpoint for IP 'C:/Users/70919/Desktop/beta8vivado/beta8vivado.srcs/sources_1/ip/c_shift_ram_1/c_shift_ram_1.xci' is already up-to-date
INFO: [Vivado 12-4149] The synthesis checkpoint for IP 'C:/Users/70919/Desktop/beta8vivado/beta8vivado.srcs/sources_1/ip/c_shift_ram_0/c_shift_ram_0.xci' is already up-to-date
[Sat Nov 23 11:20:04 2019] Launched impl_1...
Run output will be captured here: C:/Users/70919/Desktop/beta8vivado/beta8vivado.runs/impl_1/runme.log
reset_run synth_1
launch_runs impl_1 -to_step write_bitstream -jobs 4
INFO: [Vivado 12-4149] The synthesis checkpoint for IP 'C:/Users/70919/Desktop/beta8vivado/beta8vivado.srcs/sources_1/ip/c_shift_ram_3/c_shift_ram_3.xci' is already up-to-date
INFO: [Vivado 12-4149] The synthesis checkpoint for IP 'C:/Users/70919/Desktop/beta8vivado/beta8vivado.srcs/sources_1/ip/c_shift_ram_2/c_shift_ram_2.xci' is already up-to-date
INFO: [Vivado 12-4149] The synthesis checkpoint for IP 'C:/Users/70919/Desktop/beta8vivado/beta8vivado.srcs/sources_1/ip/c_shift_ram_1/c_shift_ram_1.xci' is already up-to-date
INFO: [Vivado 12-4149] The synthesis checkpoint for IP 'C:/Users/70919/Desktop/beta8vivado/beta8vivado.srcs/sources_1/ip/c_shift_ram_0/c_shift_ram_0.xci' is already up-to-date
[Sat Nov 23 11:22:15 2019] Launched synth_1...
Run output will be captured here: C:/Users/70919/Desktop/beta8vivado/beta8vivado.runs/synth_1/runme.log
[Sat Nov 23 11:22:15 2019] Launched impl_1...
Run output will be captured here: C:/Users/70919/Desktop/beta8vivado/beta8vivado.runs/impl_1/runme.log
set_property PROBES.FILE {} [get_hw_devices xc7a35t_0]
set_property FULL_PROBES.FILE {} [get_hw_devices xc7a35t_0]
set_property PROGRAM.FILE {C:/Users/70919/Desktop/beta8vivado/beta8vivado.runs/impl_1/vivadotop.bit} [get_hw_devices xc7a35t_0]
program_hw_devices [get_hw_devices xc7a35t_0]
INFO: [Labtools 27-3164] End of startup status: HIGH
refresh_hw_device [lindex [get_hw_devices xc7a35t_0] 0]
INFO: [Labtools 27-1434] Device xc7a35t (JTAG device index = 0) is programmed with a design that has no supported debug core(s) in it.
set_property PROBES.FILE {} [get_hw_devices xc7a35t_0]
set_property FULL_PROBES.FILE {} [get_hw_devices xc7a35t_0]
set_property PROGRAM.FILE {C:/Users/70919/Desktop/beta8vivado/beta8vivado.runs/impl_1/vivadotop.bit} [get_hw_devices xc7a35t_0]
program_hw_devices [get_hw_devices xc7a35t_0]
INFO: [Labtools 27-3164] End of startup status: HIGH
refresh_hw_device [lindex [get_hw_devices xc7a35t_0] 0]
INFO: [Labtools 27-1434] Device xc7a35t (JTAG device index = 0) is programmed with a design that has no supported debug core(s) in it.
set_property PROBES.FILE {} [get_hw_devices xc7a35t_0]
set_property FULL_PROBES.FILE {} [get_hw_devices xc7a35t_0]
set_property PROGRAM.FILE {C:/Users/70919/Desktop/beta8vivado/beta8vivado.runs/impl_1/vivadotop.bit} [get_hw_devices xc7a35t_0]
program_hw_devices [get_hw_devices xc7a35t_0]
INFO: [Labtools 27-3164] End of startup status: HIGH
refresh_hw_device [lindex [get_hw_devices xc7a35t_0] 0]
INFO: [Labtools 27-1434] Device xc7a35t (JTAG device index = 0) is programmed with a design that has no supported debug core(s) in it.
reset_run impl_1
launch_runs impl_1 -jobs 4
INFO: [Vivado 12-4149] The synthesis checkpoint for IP 'C:/Users/70919/Desktop/beta8vivado/beta8vivado.srcs/sources_1/ip/c_shift_ram_3/c_shift_ram_3.xci' is already up-to-date
INFO: [Vivado 12-4149] The synthesis checkpoint for IP 'C:/Users/70919/Desktop/beta8vivado/beta8vivado.srcs/sources_1/ip/c_shift_ram_2/c_shift_ram_2.xci' is already up-to-date
INFO: [Vivado 12-4149] The synthesis checkpoint for IP 'C:/Users/70919/Desktop/beta8vivado/beta8vivado.srcs/sources_1/ip/c_shift_ram_1/c_shift_ram_1.xci' is already up-to-date
INFO: [Vivado 12-4149] The synthesis checkpoint for IP 'C:/Users/70919/Desktop/beta8vivado/beta8vivado.srcs/sources_1/ip/c_shift_ram_0/c_shift_ram_0.xci' is already up-to-date
[Sat Nov 23 11:48:39 2019] Launched impl_1...
Run output will be captured here: C:/Users/70919/Desktop/beta8vivado/beta8vivado.runs/impl_1/runme.log
reset_run synth_1
launch_runs impl_1 -to_step write_bitstream -jobs 4
INFO: [Vivado 12-4149] The synthesis checkpoint for IP 'C:/Users/70919/Desktop/beta8vivado/beta8vivado.srcs/sources_1/ip/c_shift_ram_3/c_shift_ram_3.xci' is already up-to-date
INFO: [Vivado 12-4149] The synthesis checkpoint for IP 'C:/Users/70919/Desktop/beta8vivado/beta8vivado.srcs/sources_1/ip/c_shift_ram_2/c_shift_ram_2.xci' is already up-to-date
INFO: [Vivado 12-4149] The synthesis checkpoint for IP 'C:/Users/70919/Desktop/beta8vivado/beta8vivado.srcs/sources_1/ip/c_shift_ram_1/c_shift_ram_1.xci' is already up-to-date
INFO: [Vivado 12-4149] The synthesis checkpoint for IP 'C:/Users/70919/Desktop/beta8vivado/beta8vivado.srcs/sources_1/ip/c_shift_ram_0/c_shift_ram_0.xci' is already up-to-date
[Sat Nov 23 11:50:37 2019] Launched synth_1...
Run output will be captured here: C:/Users/70919/Desktop/beta8vivado/beta8vivado.runs/synth_1/runme.log
[Sat Nov 23 11:50:37 2019] Launched impl_1...
Run output will be captured here: C:/Users/70919/Desktop/beta8vivado/beta8vivado.runs/impl_1/runme.log
set_property PROBES.FILE {} [get_hw_devices xc7a35t_0]
set_property FULL_PROBES.FILE {} [get_hw_devices xc7a35t_0]
set_property PROGRAM.FILE {C:/Users/70919/Desktop/beta8vivado/beta8vivado.runs/impl_1/vivadotop.bit} [get_hw_devices xc7a35t_0]
program_hw_devices [get_hw_devices xc7a35t_0]
INFO: [Labtools 27-3164] End of startup status: HIGH
refresh_hw_device [lindex [get_hw_devices xc7a35t_0] 0]
INFO: [Labtools 27-1434] Device xc7a35t (JTAG device index = 0) is programmed with a design that has no supported debug core(s) in it.
reset_run impl_1
launch_runs impl_1 -jobs 4
INFO: [Vivado 12-4149] The synthesis checkpoint for IP 'C:/Users/70919/Desktop/beta8vivado/beta8vivado.srcs/sources_1/ip/c_shift_ram_3/c_shift_ram_3.xci' is already up-to-date
INFO: [Vivado 12-4149] The synthesis checkpoint for IP 'C:/Users/70919/Desktop/beta8vivado/beta8vivado.srcs/sources_1/ip/c_shift_ram_2/c_shift_ram_2.xci' is already up-to-date
INFO: [Vivado 12-4149] The synthesis checkpoint for IP 'C:/Users/70919/Desktop/beta8vivado/beta8vivado.srcs/sources_1/ip/c_shift_ram_1/c_shift_ram_1.xci' is already up-to-date
INFO: [Vivado 12-4149] The synthesis checkpoint for IP 'C:/Users/70919/Desktop/beta8vivado/beta8vivado.srcs/sources_1/ip/c_shift_ram_0/c_shift_ram_0.xci' is already up-to-date
[Sat Nov 23 12:03:20 2019] Launched impl_1...
Run output will be captured here: C:/Users/70919/Desktop/beta8vivado/beta8vivado.runs/impl_1/runme.log
open_run impl_1
INFO: [Netlist 29-17] Analyzing 136 Unisim elements for replacement
INFO: [Netlist 29-28] Unisim Transformation completed in 0 CPU seconds
INFO: [Project 1-479] Netlist was created with Vivado 2018.3
INFO: [Device 21-403] Loading part xc7a35tcsg324-1
INFO: [Project 1-570] Preparing netlist for logic optimization
INFO: [Common 17-41] Interrupt caught. Command should exit soon.
INFO: [Timing 38-478] Restoring timing data from binary archive.
INFO: [Timing 38-479] Binary timing data restore complete.
INFO: [Project 1-856] Restoring constraints from binary archive.
INFO: [Project 1-853] Binary constraint restore complete.
Reading XDEF placement.
Reading placer database...
Reading XDEF routing.
Restored from archive | CPU: 0.000000 secs | Memory: 0.000000 MB |
Finished XDEF File Restore: Time (s): cpu = 00:00:00 ; elapsed = 00:00:00.141 . Memory (MB): peak = 2807.289 ; gain = 0.000
open_run: Time (s): cpu = 00:00:15 ; elapsed = 00:00:15 . Memory (MB): peak = 2807.289 ; gain = 693.434
INFO: [Common 17-344] 'open_run' was cancelled
reset_run synth_1
launch_runs impl_1 -to_step write_bitstream -jobs 4
INFO: [Vivado 12-4149] The synthesis checkpoint for IP 'C:/Users/70919/Desktop/beta8vivado/beta8vivado.srcs/sources_1/ip/c_shift_ram_3/c_shift_ram_3.xci' is already up-to-date
INFO: [Vivado 12-4149] The synthesis checkpoint for IP 'C:/Users/70919/Desktop/beta8vivado/beta8vivado.srcs/sources_1/ip/c_shift_ram_2/c_shift_ram_2.xci' is already up-to-date
INFO: [Vivado 12-4149] The synthesis checkpoint for IP 'C:/Users/70919/Desktop/beta8vivado/beta8vivado.srcs/sources_1/ip/c_shift_ram_1/c_shift_ram_1.xci' is already up-to-date
INFO: [Vivado 12-4149] The synthesis checkpoint for IP 'C:/Users/70919/Desktop/beta8vivado/beta8vivado.srcs/sources_1/ip/c_shift_ram_0/c_shift_ram_0.xci' is already up-to-date
[Sat Nov 23 12:06:01 2019] Launched synth_1...
Run output will be captured here: C:/Users/70919/Desktop/beta8vivado/beta8vivado.runs/synth_1/runme.log
[Sat Nov 23 12:06:01 2019] Launched impl_1...
Run output will be captured here: C:/Users/70919/Desktop/beta8vivado/beta8vivado.runs/impl_1/runme.log
set_property PROBES.FILE {} [get_hw_devices xc7a35t_0]
set_property FULL_PROBES.FILE {} [get_hw_devices xc7a35t_0]
set_property PROGRAM.FILE {C:/Users/70919/Desktop/beta8vivado/beta8vivado.runs/impl_1/vivadotop.bit} [get_hw_devices xc7a35t_0]
program_hw_devices [get_hw_devices xc7a35t_0]
INFO: [Labtools 27-3164] End of startup status: HIGH
refresh_hw_device [lindex [get_hw_devices xc7a35t_0] 0]
INFO: [Labtools 27-1434] Device xc7a35t (JTAG device index = 0) is programmed with a design that has no supported debug core(s) in it.
exit
INFO: [Common 17-206] Exiting Vivado at Sat Nov 23 12:17:10 2019...
