#-----------------------------------------------------------
# Vivado v2018.3 (64-bit)
# SW Build 2405991 on Thu Dec  6 23:38:27 MST 2018
# IP Build 2404404 on Fri Dec  7 01:43:56 MST 2018
# Start of session at: Fri Nov 22 22:29:35 2019
# Process ID: 10272
# Current directory: C:/Users/70919/Desktop/beta8vivado
# Command line: vivado.exe -gui_launcher_event rodinguilauncherevent840 C:\Users\70919\Desktop\beta8vivado\beta8vivado.xpr
# Log file: C:/Users/70919/Desktop/beta8vivado/vivado.log
# Journal file: C:/Users/70919/Desktop/beta8vivado\vivado.jou
#-----------------------------------------------------------
start_gui
open_project C:/Users/70919/Desktop/beta8vivado/beta8vivado.xpr
Scanning sources...
Finished scanning sources
INFO: [IP_Flow 19-234] Refreshing IP repositories
INFO: [IP_Flow 19-1704] No user IP repositories specified
INFO: [IP_Flow 19-2313] Loaded Vivado IP repository 'D:/Xilinx/Vivado/2018.3/data/ip'.
open_project: Time (s): cpu = 00:00:25 ; elapsed = 00:00:15 . Memory (MB): peak = 788.285 ; gain = 170.832
update_compile_order -fileset sources_1
set_property -dict [list CONFIG.CLKOUT3_USED {true} CONFIG.CLKOUT3_REQUESTED_OUT_FREQ {50} CONFIG.MMCM_DIVCLK_DIVIDE {1} CONFIG.MMCM_CLKFBOUT_MULT_F {10.000} CONFIG.MMCM_CLKOUT0_DIVIDE_F {40.000} CONFIG.MMCM_CLKOUT1_DIVIDE {25} CONFIG.MMCM_CLKOUT2_DIVIDE {20} CONFIG.NUM_OUT_CLKS {3} CONFIG.CLKOUT1_JITTER {175.402} CONFIG.CLKOUT1_PHASE_ERROR {98.575} CONFIG.CLKOUT2_JITTER {159.371} CONFIG.CLKOUT2_PHASE_ERROR {98.575} CONFIG.CLKOUT3_JITTER {151.636} CONFIG.CLKOUT3_PHASE_ERROR {98.575}] [get_ips clk_wiz_0]
generate_target all [get_files  C:/Users/70919/Desktop/beta8vivado/beta8vivado.srcs/sources_1/ip/clk_wiz_0/clk_wiz_0.xci]
INFO: [IP_Flow 19-1686] Generating 'Instantiation Template' target for IP 'clk_wiz_0'...
INFO: [IP_Flow 19-1686] Generating 'Synthesis' target for IP 'clk_wiz_0'...
INFO: [IP_Flow 19-1686] Generating 'Simulation' target for IP 'clk_wiz_0'...
INFO: [IP_Flow 19-1686] Generating 'Implementation' target for IP 'clk_wiz_0'...
INFO: [IP_Flow 19-1686] Generating 'Change Log' target for IP 'clk_wiz_0'...
catch { config_ip_cache -export [get_ips -all clk_wiz_0] }
export_ip_user_files -of_objects [get_files C:/Users/70919/Desktop/beta8vivado/beta8vivado.srcs/sources_1/ip/clk_wiz_0/clk_wiz_0.xci] -no_script -sync -force -quiet
reset_run clk_wiz_0_synth_1
launch_runs -jobs 4 clk_wiz_0_synth_1
[Fri Nov 22 22:43:17 2019] Launched clk_wiz_0_synth_1...
Run output will be captured here: C:/Users/70919/Desktop/beta8vivado/beta8vivado.runs/clk_wiz_0_synth_1/runme.log
export_simulation -of_objects [get_files C:/Users/70919/Desktop/beta8vivado/beta8vivado.srcs/sources_1/ip/clk_wiz_0/clk_wiz_0.xci] -directory C:/Users/70919/Desktop/beta8vivado/beta8vivado.ip_user_files/sim_scripts -ip_user_files_dir C:/Users/70919/Desktop/beta8vivado/beta8vivado.ip_user_files -ipstatic_source_dir C:/Users/70919/Desktop/beta8vivado/beta8vivado.ip_user_files/ipstatic -lib_map_path [list {modelsim=C:/Users/70919/Desktop/beta8vivado/beta8vivado.cache/compile_simlib/modelsim} {questa=C:/Users/70919/Desktop/beta8vivado/beta8vivado.cache/compile_simlib/questa} {riviera=C:/Users/70919/Desktop/beta8vivado/beta8vivado.cache/compile_simlib/riviera} {activehdl=C:/Users/70919/Desktop/beta8vivado/beta8vivado.cache/compile_simlib/activehdl}] -use_ip_compiled_libs -force -quiet
close [ open C:/Users/70919/Desktop/beta8vivado/beta8vivado.srcs/sources_1/new/uart_cnt.v w ]
add_files C:/Users/70919/Desktop/beta8vivado/beta8vivado.srcs/sources_1/new/uart_cnt.v
update_compile_order -fileset sources_1
export_ip_user_files -of_objects  [get_files C:/Users/70919/Desktop/beta8vivado/beta8vivado.srcs/sources_1/new/uart_cnt.v] -no_script -reset -force -quiet
remove_files  C:/Users/70919/Desktop/beta8vivado/beta8vivado.srcs/sources_1/new/uart_cnt.v
file delete -force C:/Users/70919/Desktop/beta8vivado/beta8vivado.srcs/sources_1/new/uart_cnt.v
reset_run synth_1
launch_runs impl_1 -jobs 4
INFO: [Vivado 12-4149] The synthesis checkpoint for IP 'C:/Users/70919/Desktop/beta8vivado/beta8vivado.srcs/sources_1/ip/c_shift_ram_3/c_shift_ram_3.xci' is already up-to-date
INFO: [Vivado 12-4149] The synthesis checkpoint for IP 'C:/Users/70919/Desktop/beta8vivado/beta8vivado.srcs/sources_1/ip/c_shift_ram_2/c_shift_ram_2.xci' is already up-to-date
INFO: [Vivado 12-4149] The synthesis checkpoint for IP 'C:/Users/70919/Desktop/beta8vivado/beta8vivado.srcs/sources_1/ip/c_shift_ram_1/c_shift_ram_1.xci' is already up-to-date
INFO: [Vivado 12-4149] The synthesis checkpoint for IP 'C:/Users/70919/Desktop/beta8vivado/beta8vivado.srcs/sources_1/ip/c_shift_ram_0/c_shift_ram_0.xci' is already up-to-date
[Fri Nov 22 23:23:00 2019] Launched synth_1...
Run output will be captured here: C:/Users/70919/Desktop/beta8vivado/beta8vivado.runs/synth_1/runme.log
[Fri Nov 22 23:23:00 2019] Launched impl_1...
Run output will be captured here: C:/Users/70919/Desktop/beta8vivado/beta8vivado.runs/impl_1/runme.log
launch_runs impl_1 -to_step write_bitstream -jobs 4
INFO: [Vivado 12-4149] The synthesis checkpoint for IP 'C:/Users/70919/Desktop/beta8vivado/beta8vivado.srcs/sources_1/ip/c_shift_ram_3/c_shift_ram_3.xci' is already up-to-date
INFO: [Vivado 12-4149] The synthesis checkpoint for IP 'C:/Users/70919/Desktop/beta8vivado/beta8vivado.srcs/sources_1/ip/c_shift_ram_2/c_shift_ram_2.xci' is already up-to-date
INFO: [Vivado 12-4149] The synthesis checkpoint for IP 'C:/Users/70919/Desktop/beta8vivado/beta8vivado.srcs/sources_1/ip/c_shift_ram_1/c_shift_ram_1.xci' is already up-to-date
INFO: [Vivado 12-4149] The synthesis checkpoint for IP 'C:/Users/70919/Desktop/beta8vivado/beta8vivado.srcs/sources_1/ip/c_shift_ram_0/c_shift_ram_0.xci' is already up-to-date
[Fri Nov 22 23:26:23 2019] Launched impl_1...
Run output will be captured here: C:/Users/70919/Desktop/beta8vivado/beta8vivado.runs/impl_1/runme.log
exit
INFO: [Common 17-206] Exiting Vivado at Fri Nov 22 23:28:56 2019...
