#-----------------------------------------------------------
# Vivado v2018.3 (64-bit)
# SW Build 2405991 on Thu Dec  6 23:38:27 MST 2018
# IP Build 2404404 on Fri Dec  7 01:43:56 MST 2018
# Start of session at: Sat Nov 23 12:23:43 2019
# Process ID: 1344
# Current directory: C:/Users/70919/Desktop/beta8vivado
# Command line: vivado.exe -gui_launcher_event rodinguilauncherevent604 C:\Users\70919\Desktop\beta8vivado\beta8vivado.xpr
# Log file: C:/Users/70919/Desktop/beta8vivado/vivado.log
# Journal file: C:/Users/70919/Desktop/beta8vivado\vivado.jou
#-----------------------------------------------------------
start_gui
open_project C:/Users/70919/Desktop/beta8vivado/beta8vivado.xpr
Scanning sources...
Finished scanning sources
INFO: [IP_Flow 19-234] Refreshing IP repositories
INFO: [IP_Flow 19-1704] No user IP repositories specified
INFO: [IP_Flow 19-2313] Loaded Vivado IP repository 'D:/Xilinx/Vivado/2018.3/data/ip'.
open_project: Time (s): cpu = 00:00:23 ; elapsed = 00:00:11 . Memory (MB): peak = 804.465 ; gain = 201.695
update_compile_order -fileset sources_1
exit
INFO: [Common 17-206] Exiting Vivado at Sat Nov 23 12:36:21 2019...
