#-----------------------------------------------------------
# Vivado v2018.3 (64-bit)
# SW Build 2405991 on Thu Dec  6 23:38:27 MST 2018
# IP Build 2404404 on Fri Dec  7 01:43:56 MST 2018
# Start of session at: Fri Nov 22 15:02:39 2019
# Process ID: 4008
# Current directory: C:/Users/70919/Desktop/beta8vivado
# Command line: vivado.exe -gui_launcher_event rodinguilauncherevent8832 C:\Users\70919\Desktop\beta8vivado\beta8vivado.xpr
# Log file: C:/Users/70919/Desktop/beta8vivado/vivado.log
# Journal file: C:/Users/70919/Desktop/beta8vivado\vivado.jou
#-----------------------------------------------------------
start_gui
open_project C:/Users/70919/Desktop/beta8vivado/beta8vivado.xpr
Scanning sources...
Finished scanning sources
INFO: [IP_Flow 19-234] Refreshing IP repositories
INFO: [IP_Flow 19-1704] No user IP repositories specified
INFO: [IP_Flow 19-2313] Loaded Vivado IP repository 'D:/Xilinx/Vivado/2018.3/data/ip'.
open_project: Time (s): cpu = 00:00:23 ; elapsed = 00:00:14 . Memory (MB): peak = 787.105 ; gain = 176.926
update_compile_order -fileset sources_1
open_hw
connect_hw_server
INFO: [Labtools 27-2285] Connecting to hw_server url TCP:localhost:3121
INFO: [Labtools 27-2222] Launching hw_server...
INFO: [Labtools 27-2221] Launch Output:

****** Xilinx hw_server v2018.3
  **** Build date : Dec  7 2018-00:40:27
    ** Copyright 1986-2018 Xilinx, Inc. All Rights Reserved.


open_hw_target
INFO: [Labtoolstcl 44-466] Opening hw_target localhost:3121/xilinx_tcf/Xilinx/1234-tulA
set_property PROGRAM.FILE {C:/Users/70919/Desktop/beta8vivado/beta8vivado.runs/impl_1/vivadotop.bit} [get_hw_devices xc7a35t_0]
current_hw_device [get_hw_devices xc7a35t_0]
refresh_hw_device -update_hw_probes false [lindex [get_hw_devices xc7a35t_0] 0]
INFO: [Labtools 27-2302] Device xc7a35t (JTAG device index = 0) is programmed with a design that has 1 ILA core(s).
set_property PROBES.FILE {} [get_hw_devices xc7a35t_0]
set_property FULL_PROBES.FILE {} [get_hw_devices xc7a35t_0]
set_property PROGRAM.FILE {C:/Users/70919/Desktop/beta8vivado/beta8vivado.runs/impl_1/vivadotop.bit} [get_hw_devices xc7a35t_0]
program_hw_devices [get_hw_devices xc7a35t_0]
INFO: [Labtools 27-3164] End of startup status: HIGH
refresh_hw_device [lindex [get_hw_devices xc7a35t_0] 0]
INFO: [Labtools 27-1434] Device xc7a35t (JTAG device index = 0) is programmed with a design that has no supported debug core(s) in it.
reset_run synth_1
reset_run impl_1
launch_runs impl_1 -jobs 4
INFO: [Vivado 12-4149] The synthesis checkpoint for IP 'C:/Users/70919/Desktop/beta8vivado/beta8vivado.srcs/sources_1/ip/c_shift_ram_3/c_shift_ram_3.xci' is already up-to-date
INFO: [Vivado 12-4149] The synthesis checkpoint for IP 'C:/Users/70919/Desktop/beta8vivado/beta8vivado.srcs/sources_1/ip/c_shift_ram_2/c_shift_ram_2.xci' is already up-to-date
INFO: [Vivado 12-4149] The synthesis checkpoint for IP 'C:/Users/70919/Desktop/beta8vivado/beta8vivado.srcs/sources_1/ip/c_shift_ram_1/c_shift_ram_1.xci' is already up-to-date
INFO: [Vivado 12-4149] The synthesis checkpoint for IP 'C:/Users/70919/Desktop/beta8vivado/beta8vivado.srcs/sources_1/ip/c_shift_ram_0/c_shift_ram_0.xci' is already up-to-date
[Fri Nov 22 15:15:15 2019] Launched synth_1...
Run output will be captured here: C:/Users/70919/Desktop/beta8vivado/beta8vivado.runs/synth_1/runme.log
[Fri Nov 22 15:15:15 2019] Launched impl_1...
Run output will be captured here: C:/Users/70919/Desktop/beta8vivado/beta8vivado.runs/impl_1/runme.log
reset_run synth_1
launch_runs impl_1 -jobs 4
INFO: [Vivado 12-4149] The synthesis checkpoint for IP 'C:/Users/70919/Desktop/beta8vivado/beta8vivado.srcs/sources_1/ip/c_shift_ram_3/c_shift_ram_3.xci' is already up-to-date
INFO: [Vivado 12-4149] The synthesis checkpoint for IP 'C:/Users/70919/Desktop/beta8vivado/beta8vivado.srcs/sources_1/ip/c_shift_ram_2/c_shift_ram_2.xci' is already up-to-date
INFO: [Vivado 12-4149] The synthesis checkpoint for IP 'C:/Users/70919/Desktop/beta8vivado/beta8vivado.srcs/sources_1/ip/c_shift_ram_1/c_shift_ram_1.xci' is already up-to-date
INFO: [Vivado 12-4149] The synthesis checkpoint for IP 'C:/Users/70919/Desktop/beta8vivado/beta8vivado.srcs/sources_1/ip/c_shift_ram_0/c_shift_ram_0.xci' is already up-to-date
[Fri Nov 22 15:16:16 2019] Launched synth_1...
Run output will be captured here: C:/Users/70919/Desktop/beta8vivado/beta8vivado.runs/synth_1/runme.log
[Fri Nov 22 15:16:16 2019] Launched impl_1...
Run output will be captured here: C:/Users/70919/Desktop/beta8vivado/beta8vivado.runs/impl_1/runme.log
launch_runs impl_1 -to_step write_bitstream -jobs 4
INFO: [Vivado 12-4149] The synthesis checkpoint for IP 'C:/Users/70919/Desktop/beta8vivado/beta8vivado.srcs/sources_1/ip/c_shift_ram_3/c_shift_ram_3.xci' is already up-to-date
INFO: [Vivado 12-4149] The synthesis checkpoint for IP 'C:/Users/70919/Desktop/beta8vivado/beta8vivado.srcs/sources_1/ip/c_shift_ram_2/c_shift_ram_2.xci' is already up-to-date
INFO: [Vivado 12-4149] The synthesis checkpoint for IP 'C:/Users/70919/Desktop/beta8vivado/beta8vivado.srcs/sources_1/ip/c_shift_ram_1/c_shift_ram_1.xci' is already up-to-date
INFO: [Vivado 12-4149] The synthesis checkpoint for IP 'C:/Users/70919/Desktop/beta8vivado/beta8vivado.srcs/sources_1/ip/c_shift_ram_0/c_shift_ram_0.xci' is already up-to-date
[Fri Nov 22 15:18:46 2019] Launched impl_1...
Run output will be captured here: C:/Users/70919/Desktop/beta8vivado/beta8vivado.runs/impl_1/runme.log
set_property PROBES.FILE {} [get_hw_devices xc7a35t_0]
set_property FULL_PROBES.FILE {} [get_hw_devices xc7a35t_0]
set_property PROGRAM.FILE {C:/Users/70919/Desktop/beta8vivado/beta8vivado.runs/impl_1/vivadotop.bit} [get_hw_devices xc7a35t_0]
program_hw_devices [get_hw_devices xc7a35t_0]
INFO: [Labtools 27-3164] End of startup status: HIGH
refresh_hw_device [lindex [get_hw_devices xc7a35t_0] 0]
INFO: [Labtools 27-1434] Device xc7a35t (JTAG device index = 0) is programmed with a design that has no supported debug core(s) in it.
reset_run impl_1
launch_runs impl_1 -jobs 4
INFO: [Vivado 12-4149] The synthesis checkpoint for IP 'C:/Users/70919/Desktop/beta8vivado/beta8vivado.srcs/sources_1/ip/c_shift_ram_3/c_shift_ram_3.xci' is already up-to-date
INFO: [Vivado 12-4149] The synthesis checkpoint for IP 'C:/Users/70919/Desktop/beta8vivado/beta8vivado.srcs/sources_1/ip/c_shift_ram_2/c_shift_ram_2.xci' is already up-to-date
INFO: [Vivado 12-4149] The synthesis checkpoint for IP 'C:/Users/70919/Desktop/beta8vivado/beta8vivado.srcs/sources_1/ip/c_shift_ram_1/c_shift_ram_1.xci' is already up-to-date
INFO: [Vivado 12-4149] The synthesis checkpoint for IP 'C:/Users/70919/Desktop/beta8vivado/beta8vivado.srcs/sources_1/ip/c_shift_ram_0/c_shift_ram_0.xci' is already up-to-date
[Fri Nov 22 15:24:27 2019] Launched impl_1...
Run output will be captured here: C:/Users/70919/Desktop/beta8vivado/beta8vivado.runs/impl_1/runme.log
reset_run synth_1
launch_runs impl_1 -to_step write_bitstream -jobs 4
INFO: [Vivado 12-4149] The synthesis checkpoint for IP 'C:/Users/70919/Desktop/beta8vivado/beta8vivado.srcs/sources_1/ip/c_shift_ram_3/c_shift_ram_3.xci' is already up-to-date
INFO: [Vivado 12-4149] The synthesis checkpoint for IP 'C:/Users/70919/Desktop/beta8vivado/beta8vivado.srcs/sources_1/ip/c_shift_ram_2/c_shift_ram_2.xci' is already up-to-date
INFO: [Vivado 12-4149] The synthesis checkpoint for IP 'C:/Users/70919/Desktop/beta8vivado/beta8vivado.srcs/sources_1/ip/c_shift_ram_1/c_shift_ram_1.xci' is already up-to-date
INFO: [Vivado 12-4149] The synthesis checkpoint for IP 'C:/Users/70919/Desktop/beta8vivado/beta8vivado.srcs/sources_1/ip/c_shift_ram_0/c_shift_ram_0.xci' is already up-to-date
[Fri Nov 22 15:26:09 2019] Launched synth_1...
Run output will be captured here: C:/Users/70919/Desktop/beta8vivado/beta8vivado.runs/synth_1/runme.log
[Fri Nov 22 15:26:09 2019] Launched impl_1...
Run output will be captured here: C:/Users/70919/Desktop/beta8vivado/beta8vivado.runs/impl_1/runme.log
set_property PROBES.FILE {} [get_hw_devices xc7a35t_0]
set_property FULL_PROBES.FILE {} [get_hw_devices xc7a35t_0]
set_property PROGRAM.FILE {C:/Users/70919/Desktop/beta8vivado/beta8vivado.runs/impl_1/vivadotop.bit} [get_hw_devices xc7a35t_0]
program_hw_devices [get_hw_devices xc7a35t_0]
INFO: [Labtools 27-3164] End of startup status: HIGH
refresh_hw_device [lindex [get_hw_devices xc7a35t_0] 0]
INFO: [Labtools 27-1434] Device xc7a35t (JTAG device index = 0) is programmed with a design that has no supported debug core(s) in it.
reset_run impl_1
launch_runs impl_1 -jobs 4
INFO: [Vivado 12-4149] The synthesis checkpoint for IP 'C:/Users/70919/Desktop/beta8vivado/beta8vivado.srcs/sources_1/ip/c_shift_ram_3/c_shift_ram_3.xci' is already up-to-date
INFO: [Vivado 12-4149] The synthesis checkpoint for IP 'C:/Users/70919/Desktop/beta8vivado/beta8vivado.srcs/sources_1/ip/c_shift_ram_2/c_shift_ram_2.xci' is already up-to-date
INFO: [Vivado 12-4149] The synthesis checkpoint for IP 'C:/Users/70919/Desktop/beta8vivado/beta8vivado.srcs/sources_1/ip/c_shift_ram_1/c_shift_ram_1.xci' is already up-to-date
INFO: [Vivado 12-4149] The synthesis checkpoint for IP 'C:/Users/70919/Desktop/beta8vivado/beta8vivado.srcs/sources_1/ip/c_shift_ram_0/c_shift_ram_0.xci' is already up-to-date
[Fri Nov 22 15:43:10 2019] Launched impl_1...
Run output will be captured here: C:/Users/70919/Desktop/beta8vivado/beta8vivado.runs/impl_1/runme.log
reset_run synth_1
launch_runs impl_1 -to_step write_bitstream -jobs 4
INFO: [Vivado 12-4149] The synthesis checkpoint for IP 'C:/Users/70919/Desktop/beta8vivado/beta8vivado.srcs/sources_1/ip/c_shift_ram_3/c_shift_ram_3.xci' is already up-to-date
INFO: [Vivado 12-4149] The synthesis checkpoint for IP 'C:/Users/70919/Desktop/beta8vivado/beta8vivado.srcs/sources_1/ip/c_shift_ram_2/c_shift_ram_2.xci' is already up-to-date
INFO: [Vivado 12-4149] The synthesis checkpoint for IP 'C:/Users/70919/Desktop/beta8vivado/beta8vivado.srcs/sources_1/ip/c_shift_ram_1/c_shift_ram_1.xci' is already up-to-date
INFO: [Vivado 12-4149] The synthesis checkpoint for IP 'C:/Users/70919/Desktop/beta8vivado/beta8vivado.srcs/sources_1/ip/c_shift_ram_0/c_shift_ram_0.xci' is already up-to-date
[Fri Nov 22 15:45:05 2019] Launched synth_1...
Run output will be captured here: C:/Users/70919/Desktop/beta8vivado/beta8vivado.runs/synth_1/runme.log
[Fri Nov 22 15:45:05 2019] Launched impl_1...
Run output will be captured here: C:/Users/70919/Desktop/beta8vivado/beta8vivado.runs/impl_1/runme.log
set_property PROBES.FILE {} [get_hw_devices xc7a35t_0]
set_property FULL_PROBES.FILE {} [get_hw_devices xc7a35t_0]
set_property PROGRAM.FILE {C:/Users/70919/Desktop/beta8vivado/beta8vivado.runs/impl_1/vivadotop.bit} [get_hw_devices xc7a35t_0]
program_hw_devices [get_hw_devices xc7a35t_0]
INFO: [Labtools 27-3164] End of startup status: HIGH
refresh_hw_device [lindex [get_hw_devices xc7a35t_0] 0]
INFO: [Labtools 27-1434] Device xc7a35t (JTAG device index = 0) is programmed with a design that has no supported debug core(s) in it.
ERROR: [Labtoolstcl 44-513] HW Target shutdown. Closing target: localhost:3121/xilinx_tcf/Xilinx/1234-tulA
reset_run impl_1
launch_runs impl_1 -jobs 4
INFO: [Vivado 12-4149] The synthesis checkpoint for IP 'C:/Users/70919/Desktop/beta8vivado/beta8vivado.srcs/sources_1/ip/c_shift_ram_3/c_shift_ram_3.xci' is already up-to-date
INFO: [Vivado 12-4149] The synthesis checkpoint for IP 'C:/Users/70919/Desktop/beta8vivado/beta8vivado.srcs/sources_1/ip/c_shift_ram_2/c_shift_ram_2.xci' is already up-to-date
INFO: [Vivado 12-4149] The synthesis checkpoint for IP 'C:/Users/70919/Desktop/beta8vivado/beta8vivado.srcs/sources_1/ip/c_shift_ram_1/c_shift_ram_1.xci' is already up-to-date
INFO: [Vivado 12-4149] The synthesis checkpoint for IP 'C:/Users/70919/Desktop/beta8vivado/beta8vivado.srcs/sources_1/ip/c_shift_ram_0/c_shift_ram_0.xci' is already up-to-date
[Fri Nov 22 16:02:23 2019] Launched impl_1...
Run output will be captured here: C:/Users/70919/Desktop/beta8vivado/beta8vivado.runs/impl_1/runme.log
reset_run synth_1
launch_runs impl_1 -to_step write_bitstream -jobs 4
INFO: [Vivado 12-4149] The synthesis checkpoint for IP 'C:/Users/70919/Desktop/beta8vivado/beta8vivado.srcs/sources_1/ip/c_shift_ram_3/c_shift_ram_3.xci' is already up-to-date
INFO: [Vivado 12-4149] The synthesis checkpoint for IP 'C:/Users/70919/Desktop/beta8vivado/beta8vivado.srcs/sources_1/ip/c_shift_ram_2/c_shift_ram_2.xci' is already up-to-date
INFO: [Vivado 12-4149] The synthesis checkpoint for IP 'C:/Users/70919/Desktop/beta8vivado/beta8vivado.srcs/sources_1/ip/c_shift_ram_1/c_shift_ram_1.xci' is already up-to-date
INFO: [Vivado 12-4149] The synthesis checkpoint for IP 'C:/Users/70919/Desktop/beta8vivado/beta8vivado.srcs/sources_1/ip/c_shift_ram_0/c_shift_ram_0.xci' is already up-to-date
[Fri Nov 22 16:04:28 2019] Launched synth_1...
Run output will be captured here: C:/Users/70919/Desktop/beta8vivado/beta8vivado.runs/synth_1/runme.log
[Fri Nov 22 16:04:28 2019] Launched impl_1...
Run output will be captured here: C:/Users/70919/Desktop/beta8vivado/beta8vivado.runs/impl_1/runme.log
reset_run synth_1
launch_runs impl_1 -jobs 4
INFO: [Vivado 12-4149] The synthesis checkpoint for IP 'C:/Users/70919/Desktop/beta8vivado/beta8vivado.srcs/sources_1/ip/c_shift_ram_3/c_shift_ram_3.xci' is already up-to-date
INFO: [Vivado 12-4149] The synthesis checkpoint for IP 'C:/Users/70919/Desktop/beta8vivado/beta8vivado.srcs/sources_1/ip/c_shift_ram_2/c_shift_ram_2.xci' is already up-to-date
INFO: [Vivado 12-4149] The synthesis checkpoint for IP 'C:/Users/70919/Desktop/beta8vivado/beta8vivado.srcs/sources_1/ip/c_shift_ram_1/c_shift_ram_1.xci' is already up-to-date
INFO: [Vivado 12-4149] The synthesis checkpoint for IP 'C:/Users/70919/Desktop/beta8vivado/beta8vivado.srcs/sources_1/ip/c_shift_ram_0/c_shift_ram_0.xci' is already up-to-date
[Fri Nov 22 16:05:10 2019] Launched synth_1...
Run output will be captured here: C:/Users/70919/Desktop/beta8vivado/beta8vivado.runs/synth_1/runme.log
[Fri Nov 22 16:05:10 2019] Launched impl_1...
Run output will be captured here: C:/Users/70919/Desktop/beta8vivado/beta8vivado.runs/impl_1/runme.log
launch_runs impl_1 -to_step write_bitstream -jobs 4
INFO: [Vivado 12-4149] The synthesis checkpoint for IP 'C:/Users/70919/Desktop/beta8vivado/beta8vivado.srcs/sources_1/ip/c_shift_ram_3/c_shift_ram_3.xci' is already up-to-date
INFO: [Vivado 12-4149] The synthesis checkpoint for IP 'C:/Users/70919/Desktop/beta8vivado/beta8vivado.srcs/sources_1/ip/c_shift_ram_2/c_shift_ram_2.xci' is already up-to-date
INFO: [Vivado 12-4149] The synthesis checkpoint for IP 'C:/Users/70919/Desktop/beta8vivado/beta8vivado.srcs/sources_1/ip/c_shift_ram_1/c_shift_ram_1.xci' is already up-to-date
INFO: [Vivado 12-4149] The synthesis checkpoint for IP 'C:/Users/70919/Desktop/beta8vivado/beta8vivado.srcs/sources_1/ip/c_shift_ram_0/c_shift_ram_0.xci' is already up-to-date
[Fri Nov 22 16:07:53 2019] Launched impl_1...
Run output will be captured here: C:/Users/70919/Desktop/beta8vivado/beta8vivado.runs/impl_1/runme.log
INFO: [Labtoolstcl 44-466] Opening hw_target localhost:3121/xilinx_tcf/Xilinx/1234-tulA
INFO: [Labtools 27-2302] Device xc7a35t (JTAG device index = 0) is programmed with a design that has 1 ILA core(s).
WARNING: [Labtools 27-1347] Unable to find Debug Probes file []. Please update hw_device property [PROBES.FILE]
 Update of hw_probe objects, will be skipped.
WARNING: [Labtools 27-1974] Mismatch between the design programmed into the device xc7a35t_0 and the probes file(s) .
The device design has 1 ILA core(s) and 0 VIO core(s). 0 ILA core(s) and 0 VIO core(s) are matched in the probes file(s).
Resolution: 
1. Reprogram device with the correct programming file and associated probes file(s) OR
2. Goto device properties and associate the correct probes file(s) with the programming file already programmed in the device.
WARNING: [Labtoolstcl 44-129] No matching hw_ila_data was found.
set_property PROBES.FILE {} [get_hw_devices xc7a35t_0]
set_property FULL_PROBES.FILE {} [get_hw_devices xc7a35t_0]
set_property PROGRAM.FILE {C:/Users/70919/Desktop/beta8vivado/beta8vivado.runs/impl_1/vivadotop.bit} [get_hw_devices xc7a35t_0]
program_hw_devices [get_hw_devices xc7a35t_0]
INFO: [Labtools 27-3164] End of startup status: HIGH
refresh_hw_device [lindex [get_hw_devices xc7a35t_0] 0]
INFO: [Labtools 27-1434] Device xc7a35t (JTAG device index = 0) is programmed with a design that has no supported debug core(s) in it.
reset_run impl_1
launch_runs impl_1 -jobs 4
INFO: [Vivado 12-4149] The synthesis checkpoint for IP 'C:/Users/70919/Desktop/beta8vivado/beta8vivado.srcs/sources_1/ip/c_shift_ram_3/c_shift_ram_3.xci' is already up-to-date
INFO: [Vivado 12-4149] The synthesis checkpoint for IP 'C:/Users/70919/Desktop/beta8vivado/beta8vivado.srcs/sources_1/ip/c_shift_ram_2/c_shift_ram_2.xci' is already up-to-date
INFO: [Vivado 12-4149] The synthesis checkpoint for IP 'C:/Users/70919/Desktop/beta8vivado/beta8vivado.srcs/sources_1/ip/c_shift_ram_1/c_shift_ram_1.xci' is already up-to-date
INFO: [Vivado 12-4149] The synthesis checkpoint for IP 'C:/Users/70919/Desktop/beta8vivado/beta8vivado.srcs/sources_1/ip/c_shift_ram_0/c_shift_ram_0.xci' is already up-to-date
[Fri Nov 22 16:13:54 2019] Launched impl_1...
Run output will be captured here: C:/Users/70919/Desktop/beta8vivado/beta8vivado.runs/impl_1/runme.log
reset_run synth_1
launch_runs impl_1 -to_step write_bitstream -jobs 4
INFO: [Vivado 12-4149] The synthesis checkpoint for IP 'C:/Users/70919/Desktop/beta8vivado/beta8vivado.srcs/sources_1/ip/c_shift_ram_3/c_shift_ram_3.xci' is already up-to-date
INFO: [Vivado 12-4149] The synthesis checkpoint for IP 'C:/Users/70919/Desktop/beta8vivado/beta8vivado.srcs/sources_1/ip/c_shift_ram_2/c_shift_ram_2.xci' is already up-to-date
INFO: [Vivado 12-4149] The synthesis checkpoint for IP 'C:/Users/70919/Desktop/beta8vivado/beta8vivado.srcs/sources_1/ip/c_shift_ram_1/c_shift_ram_1.xci' is already up-to-date
INFO: [Vivado 12-4149] The synthesis checkpoint for IP 'C:/Users/70919/Desktop/beta8vivado/beta8vivado.srcs/sources_1/ip/c_shift_ram_0/c_shift_ram_0.xci' is already up-to-date
[Fri Nov 22 16:16:00 2019] Launched synth_1...
Run output will be captured here: C:/Users/70919/Desktop/beta8vivado/beta8vivado.runs/synth_1/runme.log
[Fri Nov 22 16:16:00 2019] Launched impl_1...
Run output will be captured here: C:/Users/70919/Desktop/beta8vivado/beta8vivado.runs/impl_1/runme.log
set_property PROBES.FILE {} [get_hw_devices xc7a35t_0]
set_property FULL_PROBES.FILE {} [get_hw_devices xc7a35t_0]
set_property PROGRAM.FILE {C:/Users/70919/Desktop/beta8vivado/beta8vivado.runs/impl_1/vivadotop.bit} [get_hw_devices xc7a35t_0]
program_hw_devices [get_hw_devices xc7a35t_0]
INFO: [Labtools 27-3164] End of startup status: HIGH
refresh_hw_device [lindex [get_hw_devices xc7a35t_0] 0]
INFO: [Labtools 27-1434] Device xc7a35t (JTAG device index = 0) is programmed with a design that has no supported debug core(s) in it.
export_ip_user_files -of_objects  [get_files C:/Users/70919/Desktop/beta8vivado/beta8vivado.srcs/sources_1/new/uart_change.v] -no_script -reset -force -quiet
remove_files  C:/Users/70919/Desktop/beta8vivado/beta8vivado.srcs/sources_1/new/uart_change.v
file delete -force C:/Users/70919/Desktop/beta8vivado/beta8vivado.srcs/sources_1/new/uart_change.v
export_ip_user_files -of_objects  [get_files C:/Users/70919/Desktop/beta8vivado/beta8vivado.srcs/sources_1/new/uart_send.v] -no_script -reset -force -quiet
remove_files  C:/Users/70919/Desktop/beta8vivado/beta8vivado.srcs/sources_1/new/uart_send.v
file delete -force C:/Users/70919/Desktop/beta8vivado/beta8vivado.srcs/sources_1/new/uart_send.v
close [ open C:/Users/70919/Desktop/beta8vivado/beta8vivado.srcs/sources_1/new/uart_recv.v w ]
add_files C:/Users/70919/Desktop/beta8vivado/beta8vivado.srcs/sources_1/new/uart_recv.v
update_compile_order -fileset sources_1
close [ open C:/Users/70919/Desktop/beta8vivado/beta8vivado.srcs/sources_1/new/uart_send.v w ]
add_files C:/Users/70919/Desktop/beta8vivado/beta8vivado.srcs/sources_1/new/uart_send.v
update_compile_order -fileset sources_1
reset_run synth_1
launch_runs impl_1 -jobs 4
INFO: [Vivado 12-4149] The synthesis checkpoint for IP 'C:/Users/70919/Desktop/beta8vivado/beta8vivado.srcs/sources_1/ip/c_shift_ram_3/c_shift_ram_3.xci' is already up-to-date
INFO: [Vivado 12-4149] The synthesis checkpoint for IP 'C:/Users/70919/Desktop/beta8vivado/beta8vivado.srcs/sources_1/ip/c_shift_ram_2/c_shift_ram_2.xci' is already up-to-date
INFO: [Vivado 12-4149] The synthesis checkpoint for IP 'C:/Users/70919/Desktop/beta8vivado/beta8vivado.srcs/sources_1/ip/c_shift_ram_1/c_shift_ram_1.xci' is already up-to-date
INFO: [Vivado 12-4149] The synthesis checkpoint for IP 'C:/Users/70919/Desktop/beta8vivado/beta8vivado.srcs/sources_1/ip/c_shift_ram_0/c_shift_ram_0.xci' is already up-to-date
[Fri Nov 22 16:43:52 2019] Launched synth_1...
Run output will be captured here: C:/Users/70919/Desktop/beta8vivado/beta8vivado.runs/synth_1/runme.log
[Fri Nov 22 16:43:52 2019] Launched impl_1...
Run output will be captured here: C:/Users/70919/Desktop/beta8vivado/beta8vivado.runs/impl_1/runme.log
launch_runs impl_1 -to_step write_bitstream -jobs 4
INFO: [Vivado 12-4149] The synthesis checkpoint for IP 'C:/Users/70919/Desktop/beta8vivado/beta8vivado.srcs/sources_1/ip/c_shift_ram_3/c_shift_ram_3.xci' is already up-to-date
INFO: [Vivado 12-4149] The synthesis checkpoint for IP 'C:/Users/70919/Desktop/beta8vivado/beta8vivado.srcs/sources_1/ip/c_shift_ram_2/c_shift_ram_2.xci' is already up-to-date
INFO: [Vivado 12-4149] The synthesis checkpoint for IP 'C:/Users/70919/Desktop/beta8vivado/beta8vivado.srcs/sources_1/ip/c_shift_ram_1/c_shift_ram_1.xci' is already up-to-date
INFO: [Vivado 12-4149] The synthesis checkpoint for IP 'C:/Users/70919/Desktop/beta8vivado/beta8vivado.srcs/sources_1/ip/c_shift_ram_0/c_shift_ram_0.xci' is already up-to-date
[Fri Nov 22 16:47:15 2019] Launched impl_1...
Run output will be captured here: C:/Users/70919/Desktop/beta8vivado/beta8vivado.runs/impl_1/runme.log
set_property PROBES.FILE {} [get_hw_devices xc7a35t_0]
set_property FULL_PROBES.FILE {} [get_hw_devices xc7a35t_0]
set_property PROGRAM.FILE {C:/Users/70919/Desktop/beta8vivado/beta8vivado.runs/impl_1/vivadotop.bit} [get_hw_devices xc7a35t_0]
program_hw_devices [get_hw_devices xc7a35t_0]
INFO: [Labtools 27-3164] End of startup status: HIGH
refresh_hw_device [lindex [get_hw_devices xc7a35t_0] 0]
INFO: [Labtools 27-1434] Device xc7a35t (JTAG device index = 0) is programmed with a design that has no supported debug core(s) in it.
ERROR: [Labtoolstcl 44-513] HW Target shutdown. Closing target: localhost:3121/xilinx_tcf/Xilinx/1234-tulA
reset_run impl_1
launch_runs impl_1 -jobs 4
INFO: [Vivado 12-4149] The synthesis checkpoint for IP 'C:/Users/70919/Desktop/beta8vivado/beta8vivado.srcs/sources_1/ip/c_shift_ram_3/c_shift_ram_3.xci' is already up-to-date
INFO: [Vivado 12-4149] The synthesis checkpoint for IP 'C:/Users/70919/Desktop/beta8vivado/beta8vivado.srcs/sources_1/ip/c_shift_ram_2/c_shift_ram_2.xci' is already up-to-date
INFO: [Vivado 12-4149] The synthesis checkpoint for IP 'C:/Users/70919/Desktop/beta8vivado/beta8vivado.srcs/sources_1/ip/c_shift_ram_1/c_shift_ram_1.xci' is already up-to-date
INFO: [Vivado 12-4149] The synthesis checkpoint for IP 'C:/Users/70919/Desktop/beta8vivado/beta8vivado.srcs/sources_1/ip/c_shift_ram_0/c_shift_ram_0.xci' is already up-to-date
[Fri Nov 22 17:21:34 2019] Launched impl_1...
Run output will be captured here: C:/Users/70919/Desktop/beta8vivado/beta8vivado.runs/impl_1/runme.log
reset_run synth_1
launch_runs impl_1 -to_step write_bitstream -jobs 4
INFO: [Vivado 12-4149] The synthesis checkpoint for IP 'C:/Users/70919/Desktop/beta8vivado/beta8vivado.srcs/sources_1/ip/c_shift_ram_3/c_shift_ram_3.xci' is already up-to-date
INFO: [Vivado 12-4149] The synthesis checkpoint for IP 'C:/Users/70919/Desktop/beta8vivado/beta8vivado.srcs/sources_1/ip/c_shift_ram_2/c_shift_ram_2.xci' is already up-to-date
INFO: [Vivado 12-4149] The synthesis checkpoint for IP 'C:/Users/70919/Desktop/beta8vivado/beta8vivado.srcs/sources_1/ip/c_shift_ram_1/c_shift_ram_1.xci' is already up-to-date
INFO: [Vivado 12-4149] The synthesis checkpoint for IP 'C:/Users/70919/Desktop/beta8vivado/beta8vivado.srcs/sources_1/ip/c_shift_ram_0/c_shift_ram_0.xci' is already up-to-date
[Fri Nov 22 17:23:26 2019] Launched synth_1...
Run output will be captured here: C:/Users/70919/Desktop/beta8vivado/beta8vivado.runs/synth_1/runme.log
[Fri Nov 22 17:23:26 2019] Launched impl_1...
Run output will be captured here: C:/Users/70919/Desktop/beta8vivado/beta8vivado.runs/impl_1/runme.log
INFO: [Labtoolstcl 44-466] Opening hw_target localhost:3121/xilinx_tcf/Xilinx/1234-tulA
INFO: [Labtools 27-2302] Device xc7a35t (JTAG device index = 0) is programmed with a design that has 1 ILA core(s).
WARNING: [Labtools 27-1347] Unable to find Debug Probes file []. Please update hw_device property [PROBES.FILE]
 Update of hw_probe objects, will be skipped.
WARNING: [Labtools 27-1974] Mismatch between the design programmed into the device xc7a35t_0 and the probes file(s) .
The device design has 1 ILA core(s) and 0 VIO core(s). 0 ILA core(s) and 0 VIO core(s) are matched in the probes file(s).
Resolution: 
1. Reprogram device with the correct programming file and associated probes file(s) OR
2. Goto device properties and associate the correct probes file(s) with the programming file already programmed in the device.
WARNING: [Labtoolstcl 44-129] No matching hw_ila_data was found.
set_property PROBES.FILE {} [get_hw_devices xc7a35t_0]
set_property FULL_PROBES.FILE {} [get_hw_devices xc7a35t_0]
set_property PROGRAM.FILE {C:/Users/70919/Desktop/beta8vivado/beta8vivado.runs/impl_1/vivadotop.bit} [get_hw_devices xc7a35t_0]
program_hw_devices [get_hw_devices xc7a35t_0]
INFO: [Labtools 27-3164] End of startup status: HIGH
refresh_hw_device [lindex [get_hw_devices xc7a35t_0] 0]
INFO: [Labtools 27-1434] Device xc7a35t (JTAG device index = 0) is programmed with a design that has no supported debug core(s) in it.
ERROR: [Labtoolstcl 44-513] HW Target shutdown. Closing target: localhost:3121/xilinx_tcf/Xilinx/1234-tulA
INFO: [Labtoolstcl 44-466] Opening hw_target localhost:3121/xilinx_tcf/Xilinx/1234-tulA
INFO: [Labtools 27-2302] Device xc7a35t (JTAG device index = 0) is programmed with a design that has 1 ILA core(s).
WARNING: [Labtools 27-1347] Unable to find Debug Probes file []. Please update hw_device property [PROBES.FILE]
 Update of hw_probe objects, will be skipped.
WARNING: [Labtools 27-1974] Mismatch between the design programmed into the device xc7a35t_0 and the probes file(s) .
The device design has 1 ILA core(s) and 0 VIO core(s). 0 ILA core(s) and 0 VIO core(s) are matched in the probes file(s).
Resolution: 
1. Reprogram device with the correct programming file and associated probes file(s) OR
2. Goto device properties and associate the correct probes file(s) with the programming file already programmed in the device.
WARNING: [Labtoolstcl 44-129] No matching hw_ila_data was found.
set_property PROBES.FILE {} [get_hw_devices xc7a35t_0]
set_property FULL_PROBES.FILE {} [get_hw_devices xc7a35t_0]
set_property PROGRAM.FILE {C:/Users/70919/Desktop/beta8vivado/beta8vivado.runs/impl_1/vivadotop.bit} [get_hw_devices xc7a35t_0]
program_hw_devices [get_hw_devices xc7a35t_0]
INFO: [Labtools 27-3164] End of startup status: HIGH
refresh_hw_device [lindex [get_hw_devices xc7a35t_0] 0]
INFO: [Labtools 27-1434] Device xc7a35t (JTAG device index = 0) is programmed with a design that has no supported debug core(s) in it.
set_property PROBES.FILE {} [get_hw_devices xc7a35t_0]
set_property FULL_PROBES.FILE {} [get_hw_devices xc7a35t_0]
set_property PROGRAM.FILE {C:/Users/70919/Desktop/beta8vivado/beta8vivado.runs/impl_1/vivadotop.bit} [get_hw_devices xc7a35t_0]
program_hw_devices [get_hw_devices xc7a35t_0]
INFO: [Labtools 27-3164] End of startup status: HIGH
refresh_hw_device [lindex [get_hw_devices xc7a35t_0] 0]
INFO: [Labtools 27-1434] Device xc7a35t (JTAG device index = 0) is programmed with a design that has no supported debug core(s) in it.
reset_run impl_1
launch_runs impl_1 -jobs 4
INFO: [Vivado 12-4149] The synthesis checkpoint for IP 'C:/Users/70919/Desktop/beta8vivado/beta8vivado.srcs/sources_1/ip/c_shift_ram_3/c_shift_ram_3.xci' is already up-to-date
INFO: [Vivado 12-4149] The synthesis checkpoint for IP 'C:/Users/70919/Desktop/beta8vivado/beta8vivado.srcs/sources_1/ip/c_shift_ram_2/c_shift_ram_2.xci' is already up-to-date
INFO: [Vivado 12-4149] The synthesis checkpoint for IP 'C:/Users/70919/Desktop/beta8vivado/beta8vivado.srcs/sources_1/ip/c_shift_ram_1/c_shift_ram_1.xci' is already up-to-date
INFO: [Vivado 12-4149] The synthesis checkpoint for IP 'C:/Users/70919/Desktop/beta8vivado/beta8vivado.srcs/sources_1/ip/c_shift_ram_0/c_shift_ram_0.xci' is already up-to-date
[Fri Nov 22 17:38:03 2019] Launched impl_1...
Run output will be captured here: C:/Users/70919/Desktop/beta8vivado/beta8vivado.runs/impl_1/runme.log
reset_run synth_1
launch_runs impl_1 -to_step write_bitstream -jobs 4
INFO: [Vivado 12-4149] The synthesis checkpoint for IP 'C:/Users/70919/Desktop/beta8vivado/beta8vivado.srcs/sources_1/ip/c_shift_ram_3/c_shift_ram_3.xci' is already up-to-date
INFO: [Vivado 12-4149] The synthesis checkpoint for IP 'C:/Users/70919/Desktop/beta8vivado/beta8vivado.srcs/sources_1/ip/c_shift_ram_2/c_shift_ram_2.xci' is already up-to-date
INFO: [Vivado 12-4149] The synthesis checkpoint for IP 'C:/Users/70919/Desktop/beta8vivado/beta8vivado.srcs/sources_1/ip/c_shift_ram_1/c_shift_ram_1.xci' is already up-to-date
INFO: [Vivado 12-4149] The synthesis checkpoint for IP 'C:/Users/70919/Desktop/beta8vivado/beta8vivado.srcs/sources_1/ip/c_shift_ram_0/c_shift_ram_0.xci' is already up-to-date
[Fri Nov 22 17:41:00 2019] Launched synth_1...
Run output will be captured here: C:/Users/70919/Desktop/beta8vivado/beta8vivado.runs/synth_1/runme.log
[Fri Nov 22 17:41:00 2019] Launched impl_1...
Run output will be captured here: C:/Users/70919/Desktop/beta8vivado/beta8vivado.runs/impl_1/runme.log
open_run impl_1
INFO: [Common 17-41] Interrupt caught. Command should exit soon.
INFO: [Netlist 29-17] Analyzing 133 Unisim elements for replacement
INFO: [Netlist 29-28] Unisim Transformation completed in 1 CPU seconds
INFO: [Project 1-479] Netlist was created with Vivado 2018.3
open_run: Time (s): cpu = 00:00:11 ; elapsed = 00:00:13 . Memory (MB): peak = 2005.359 ; gain = 46.594
INFO: [Common 17-344] 'open_run' was cancelled
set_property PROBES.FILE {} [get_hw_devices xc7a35t_0]
set_property FULL_PROBES.FILE {} [get_hw_devices xc7a35t_0]
set_property PROGRAM.FILE {C:/Users/70919/Desktop/beta8vivado/beta8vivado.runs/impl_1/vivadotop.bit} [get_hw_devices xc7a35t_0]
program_hw_devices [get_hw_devices xc7a35t_0]
INFO: [Labtools 27-3164] End of startup status: HIGH
refresh_hw_device [lindex [get_hw_devices xc7a35t_0] 0]
INFO: [Labtools 27-1434] Device xc7a35t (JTAG device index = 0) is programmed with a design that has no supported debug core(s) in it.
ERROR: [Labtoolstcl 44-513] HW Target shutdown. Closing target: localhost:3121/xilinx_tcf/Xilinx/1234-tulA
reset_run impl_1
launch_runs impl_1 -jobs 4
INFO: [Vivado 12-4149] The synthesis checkpoint for IP 'C:/Users/70919/Desktop/beta8vivado/beta8vivado.srcs/sources_1/ip/c_shift_ram_3/c_shift_ram_3.xci' is already up-to-date
INFO: [Vivado 12-4149] The synthesis checkpoint for IP 'C:/Users/70919/Desktop/beta8vivado/beta8vivado.srcs/sources_1/ip/c_shift_ram_2/c_shift_ram_2.xci' is already up-to-date
INFO: [Vivado 12-4149] The synthesis checkpoint for IP 'C:/Users/70919/Desktop/beta8vivado/beta8vivado.srcs/sources_1/ip/c_shift_ram_1/c_shift_ram_1.xci' is already up-to-date
INFO: [Vivado 12-4149] The synthesis checkpoint for IP 'C:/Users/70919/Desktop/beta8vivado/beta8vivado.srcs/sources_1/ip/c_shift_ram_0/c_shift_ram_0.xci' is already up-to-date
[Fri Nov 22 17:58:58 2019] Launched impl_1...
Run output will be captured here: C:/Users/70919/Desktop/beta8vivado/beta8vivado.runs/impl_1/runme.log
reset_run synth_1
launch_runs impl_1 -to_step write_bitstream -jobs 4
INFO: [Vivado 12-4149] The synthesis checkpoint for IP 'C:/Users/70919/Desktop/beta8vivado/beta8vivado.srcs/sources_1/ip/c_shift_ram_3/c_shift_ram_3.xci' is already up-to-date
INFO: [Vivado 12-4149] The synthesis checkpoint for IP 'C:/Users/70919/Desktop/beta8vivado/beta8vivado.srcs/sources_1/ip/c_shift_ram_2/c_shift_ram_2.xci' is already up-to-date
INFO: [Vivado 12-4149] The synthesis checkpoint for IP 'C:/Users/70919/Desktop/beta8vivado/beta8vivado.srcs/sources_1/ip/c_shift_ram_1/c_shift_ram_1.xci' is already up-to-date
INFO: [Vivado 12-4149] The synthesis checkpoint for IP 'C:/Users/70919/Desktop/beta8vivado/beta8vivado.srcs/sources_1/ip/c_shift_ram_0/c_shift_ram_0.xci' is already up-to-date
[Fri Nov 22 18:00:54 2019] Launched synth_1...
Run output will be captured here: C:/Users/70919/Desktop/beta8vivado/beta8vivado.runs/synth_1/runme.log
[Fri Nov 22 18:00:54 2019] Launched impl_1...
Run output will be captured here: C:/Users/70919/Desktop/beta8vivado/beta8vivado.runs/impl_1/runme.log
INFO: [Labtoolstcl 44-466] Opening hw_target localhost:3121/xilinx_tcf/Xilinx/1234-tulA
INFO: [Labtools 27-2302] Device xc7a35t (JTAG device index = 0) is programmed with a design that has 1 ILA core(s).
WARNING: [Labtools 27-1347] Unable to find Debug Probes file []. Please update hw_device property [PROBES.FILE]
 Update of hw_probe objects, will be skipped.
WARNING: [Labtools 27-1974] Mismatch between the design programmed into the device xc7a35t_0 and the probes file(s) .
The device design has 1 ILA core(s) and 0 VIO core(s). 0 ILA core(s) and 0 VIO core(s) are matched in the probes file(s).
Resolution: 
1. Reprogram device with the correct programming file and associated probes file(s) OR
2. Goto device properties and associate the correct probes file(s) with the programming file already programmed in the device.
WARNING: [Labtoolstcl 44-129] No matching hw_ila_data was found.
set_property PROBES.FILE {} [get_hw_devices xc7a35t_0]
set_property FULL_PROBES.FILE {} [get_hw_devices xc7a35t_0]
set_property PROGRAM.FILE {C:/Users/70919/Desktop/beta8vivado/beta8vivado.runs/impl_1/vivadotop.bit} [get_hw_devices xc7a35t_0]
program_hw_devices [get_hw_devices xc7a35t_0]
INFO: [Labtools 27-3164] End of startup status: HIGH
refresh_hw_device [lindex [get_hw_devices xc7a35t_0] 0]
INFO: [Labtools 27-1434] Device xc7a35t (JTAG device index = 0) is programmed with a design that has no supported debug core(s) in it.
set_property PROBES.FILE {} [get_hw_devices xc7a35t_0]
set_property FULL_PROBES.FILE {} [get_hw_devices xc7a35t_0]
set_property PROGRAM.FILE {C:/Users/70919/Desktop/beta8vivado/beta8vivado.runs/impl_1/vivadotop.bit} [get_hw_devices xc7a35t_0]
program_hw_devices [get_hw_devices xc7a35t_0]
INFO: [Labtools 27-3164] End of startup status: HIGH
refresh_hw_device [lindex [get_hw_devices xc7a35t_0] 0]
INFO: [Labtools 27-1434] Device xc7a35t (JTAG device index = 0) is programmed with a design that has no supported debug core(s) in it.
reset_run impl_1
launch_runs impl_1 -jobs 4
INFO: [Vivado 12-4149] The synthesis checkpoint for IP 'C:/Users/70919/Desktop/beta8vivado/beta8vivado.srcs/sources_1/ip/c_shift_ram_3/c_shift_ram_3.xci' is already up-to-date
INFO: [Vivado 12-4149] The synthesis checkpoint for IP 'C:/Users/70919/Desktop/beta8vivado/beta8vivado.srcs/sources_1/ip/c_shift_ram_2/c_shift_ram_2.xci' is already up-to-date
INFO: [Vivado 12-4149] The synthesis checkpoint for IP 'C:/Users/70919/Desktop/beta8vivado/beta8vivado.srcs/sources_1/ip/c_shift_ram_1/c_shift_ram_1.xci' is already up-to-date
INFO: [Vivado 12-4149] The synthesis checkpoint for IP 'C:/Users/70919/Desktop/beta8vivado/beta8vivado.srcs/sources_1/ip/c_shift_ram_0/c_shift_ram_0.xci' is already up-to-date
[Fri Nov 22 18:06:18 2019] Launched impl_1...
Run output will be captured here: C:/Users/70919/Desktop/beta8vivado/beta8vivado.runs/impl_1/runme.log
reset_run synth_1
launch_runs impl_1 -to_step write_bitstream -jobs 4
INFO: [Vivado 12-4149] The synthesis checkpoint for IP 'C:/Users/70919/Desktop/beta8vivado/beta8vivado.srcs/sources_1/ip/c_shift_ram_3/c_shift_ram_3.xci' is already up-to-date
INFO: [Vivado 12-4149] The synthesis checkpoint for IP 'C:/Users/70919/Desktop/beta8vivado/beta8vivado.srcs/sources_1/ip/c_shift_ram_2/c_shift_ram_2.xci' is already up-to-date
INFO: [Vivado 12-4149] The synthesis checkpoint for IP 'C:/Users/70919/Desktop/beta8vivado/beta8vivado.srcs/sources_1/ip/c_shift_ram_1/c_shift_ram_1.xci' is already up-to-date
INFO: [Vivado 12-4149] The synthesis checkpoint for IP 'C:/Users/70919/Desktop/beta8vivado/beta8vivado.srcs/sources_1/ip/c_shift_ram_0/c_shift_ram_0.xci' is already up-to-date
[Fri Nov 22 18:08:13 2019] Launched synth_1...
Run output will be captured here: C:/Users/70919/Desktop/beta8vivado/beta8vivado.runs/synth_1/runme.log
[Fri Nov 22 18:08:13 2019] Launched impl_1...
Run output will be captured here: C:/Users/70919/Desktop/beta8vivado/beta8vivado.runs/impl_1/runme.log
set_property PROBES.FILE {} [get_hw_devices xc7a35t_0]
set_property FULL_PROBES.FILE {} [get_hw_devices xc7a35t_0]
set_property PROGRAM.FILE {C:/Users/70919/Desktop/beta8vivado/beta8vivado.runs/impl_1/vivadotop.bit} [get_hw_devices xc7a35t_0]
program_hw_devices [get_hw_devices xc7a35t_0]
INFO: [Labtools 27-3164] End of startup status: HIGH
refresh_hw_device [lindex [get_hw_devices xc7a35t_0] 0]
INFO: [Labtools 27-1434] Device xc7a35t (JTAG device index = 0) is programmed with a design that has no supported debug core(s) in it.
reset_run impl_1
launch_runs impl_1 -jobs 4
INFO: [Vivado 12-4149] The synthesis checkpoint for IP 'C:/Users/70919/Desktop/beta8vivado/beta8vivado.srcs/sources_1/ip/c_shift_ram_3/c_shift_ram_3.xci' is already up-to-date
INFO: [Vivado 12-4149] The synthesis checkpoint for IP 'C:/Users/70919/Desktop/beta8vivado/beta8vivado.srcs/sources_1/ip/c_shift_ram_2/c_shift_ram_2.xci' is already up-to-date
INFO: [Vivado 12-4149] The synthesis checkpoint for IP 'C:/Users/70919/Desktop/beta8vivado/beta8vivado.srcs/sources_1/ip/c_shift_ram_1/c_shift_ram_1.xci' is already up-to-date
INFO: [Vivado 12-4149] The synthesis checkpoint for IP 'C:/Users/70919/Desktop/beta8vivado/beta8vivado.srcs/sources_1/ip/c_shift_ram_0/c_shift_ram_0.xci' is already up-to-date
[Fri Nov 22 18:16:10 2019] Launched impl_1...
Run output will be captured here: C:/Users/70919/Desktop/beta8vivado/beta8vivado.runs/impl_1/runme.log
reset_run synth_1
launch_runs impl_1 -to_step write_bitstream -jobs 4
INFO: [Vivado 12-4149] The synthesis checkpoint for IP 'C:/Users/70919/Desktop/beta8vivado/beta8vivado.srcs/sources_1/ip/c_shift_ram_3/c_shift_ram_3.xci' is already up-to-date
INFO: [Vivado 12-4149] The synthesis checkpoint for IP 'C:/Users/70919/Desktop/beta8vivado/beta8vivado.srcs/sources_1/ip/c_shift_ram_2/c_shift_ram_2.xci' is already up-to-date
INFO: [Vivado 12-4149] The synthesis checkpoint for IP 'C:/Users/70919/Desktop/beta8vivado/beta8vivado.srcs/sources_1/ip/c_shift_ram_1/c_shift_ram_1.xci' is already up-to-date
INFO: [Vivado 12-4149] The synthesis checkpoint for IP 'C:/Users/70919/Desktop/beta8vivado/beta8vivado.srcs/sources_1/ip/c_shift_ram_0/c_shift_ram_0.xci' is already up-to-date
[Fri Nov 22 18:18:05 2019] Launched synth_1...
Run output will be captured here: C:/Users/70919/Desktop/beta8vivado/beta8vivado.runs/synth_1/runme.log
[Fri Nov 22 18:18:05 2019] Launched impl_1...
Run output will be captured here: C:/Users/70919/Desktop/beta8vivado/beta8vivado.runs/impl_1/runme.log
set_property PROBES.FILE {} [get_hw_devices xc7a35t_0]
set_property FULL_PROBES.FILE {} [get_hw_devices xc7a35t_0]
set_property PROGRAM.FILE {C:/Users/70919/Desktop/beta8vivado/beta8vivado.runs/impl_1/vivadotop.bit} [get_hw_devices xc7a35t_0]
program_hw_devices [get_hw_devices xc7a35t_0]
INFO: [Labtools 27-3164] End of startup status: HIGH
refresh_hw_device [lindex [get_hw_devices xc7a35t_0] 0]
INFO: [Labtools 27-1434] Device xc7a35t (JTAG device index = 0) is programmed with a design that has no supported debug core(s) in it.
